{"meta": {"format": 3, "version": "7.13.4", "timestamp": "2026-02-16T08:45:07.628588", "branch_coverage": true, "show_contexts": false}, "files": {"grplot/__init__.py": {"executed_lines": [1, 2, 3, 4, 5, 6, 7, 8, 9, 10, 11, 14, 17, 215, 216, 221, 226, 229, 232, 233, 234, 237, 247, 248, 297, 298, 299, 302, 312, 313, 362, 363, 364, 367, 377, 378, 427, 572, 717, 718, 720, 721, 723, 726, 727, 730, 740, 741, 789, 791, 792, 793, 794, 797, 798, 801, 811, 812, 860, 864, 865], "summary": {"covered_lines": 61, "num_statements": 106, "percent_covered": 50.625, "percent_covered_display": "50.62", "missing_lines": 45, "excluded_lines": 0, "percent_statements_covered": 57.54716981132076, "percent_statements_covered_display": "57.55", "num_branches": 54, "num_partial_branches": 6, "covered_branches": 20, "missing_branches": 34, "percent_branches_covered": 37.03703703703704, "percent_branches_covered_display": "37.04"}, "missing_lines": [429, 430, 432, 433, 435, 436, 439, 449, 450, 498, 500, 501, 502, 504, 505, 507, 508, 511, 521, 522, 570, 574, 575, 577, 578, 580, 581, 584, 594, 595, 643, 645, 646, 647, 649, 650, 652, 653, 656, 666, 667, 715, 724, 795, 862], "excluded_lines": [], "executed_branches": [[232, 233], [232, 297], [297, 298], [297, 362], [362, 363], [362, 427], [427, 572], [572, 717], [717, 718], [720, 721], [720, 791], [721, 723], [721, 864], [723, 726], [791, 792], [792, 793], [792, 864], [793, 792], [793, 794], [794, 797]], "missing_branches": [[427, 429], [429, 430], [429, 500], [430, 432], [430, 864], [432, 433], [432, 435], [500, 501], [500, 864], [501, 502], [501, 864], [502, 501], [502, 504], [504, 505], [504, 507], [572, 574], [574, 575], [574, 645], [575, 577], [575, 864], [577, 578], [577, 580], [645, 646], [645, 864], [646, 647], [646, 864], [647, 646], [647, 649], [649, 650], [649, 652], [717, 862], [723, 724], [791, 864], [794, 795]], "functions": {"plot2d": {"executed_lines": [215, 216, 221, 226, 229, 232, 233, 234, 237, 247, 248, 297, 298, 299, 302, 312, 313, 362, 363, 364, 367, 377, 378, 427, 572, 717, 718, 720, 721, 723, 726, 727, 730, 740, 741, 789, 791, 792, 793, 794, 797, 798, 801, 811, 812, 860, 864, 865], "summary": {"covered_lines": 48, "num_statements": 93, "percent_covered": 46.25850340136054, "percent_covered_display": "46.26", "missing_lines": 45, "excluded_lines": 0, "percent_statements_covered": 51.61290322580645, "percent_statements_covered_display": "51.61", "num_branches": 54, "num_partial_branches": 6, "covered_branches": 20, "missing_branches": 34, "percent_branches_covered": 37.03703703703704, "percent_branches_covered_display": "37.04"}, "missing_lines": [429, 430, 432, 433, 435, 436, 439, 449, 450, 498, 500, 501, 502, 504, 505, 507, 508, 511, 521, 522, 570, 574, 575, 577, 578, 580, 581, 584, 594, 595, 643, 645, 646, 647, 649, 650, 652, 653, 656, 666, 667, 715, 724, 795, 862], "excluded_lines": [], "start_line": 17, "executed_branches": [[232, 233], [232, 297], [297, 298], [297, 362], [362, 363], [362, 427], [427, 572], [572, 717], [717, 718], [720, 721], [720, 791], [721, 723], [721, 864], [723, 726], [791, 792], [792, 793], [792, 864], [793, 792], [793, 794], [794, 797]], "missing_branches": [[427, 429], [429, 430], [429, 500], [430, 432], [430, 864], [432, 433], [432, 435], [500, 501], [500, 864], [501, 502], [501, 864], [502, 501], [502, 504], [504, 505], [504, 507], [572, 574], [574, 575], [574, 645], [575, 577], [575, 864], [577, 578], [577, 580], [645, 646], [645, 864], [646, 647], [646, 864], [647, 646], [647, 649], [649, 650], [649, 652], [717, 862], [723, 724], [791, 864], [794, 795]]}, "": {"executed_lines": [1, 2, 3, 4, 5, 6, 7, 8, 9, 10, 11, 14, 17], "summary": {"covered_lines": 13, "num_statements": 13, "percent_covered": 100.0, "percent_covered_display": "100.00", "missing_lines": 0, "excluded_lines": 0, "percent_statements_covered": 100.0, "percent_statements_covered_display": "100.00", "num_branches": 0, "num_partial_branches": 0, "covered_branches": 0, "missing_branches": 0, "percent_branches_covered": 100.0, "percent_branches_covered_display": "100.00"}, "missing_lines": [], "excluded_lines": [], "start_line": 1, "executed_branches": [], "missing_branches": []}}, "classes": {"": {"executed_lines": [1, 2, 3, 4, 5, 6, 7, 8, 9, 10, 11, 14, 17, 215, 216, 221, 226, 229, 232, 233, 234, 237, 247, 248, 297, 298, 299, 302, 312, 313, 362, 363, 364, 367, 377, 378, 427, 572, 717, 718, 720, 721, 723, 726, 727, 730, 740, 741, 789, 791, 792, 793, 794, 797, 798, 801, 811, 812, 860, 864, 865], "summary": {"covered_lines": 61, "num_statements": 106, "percent_covered": 50.625, "percent_covered_display": "50.62", "missing_lines": 45, "excluded_lines": 0, "percent_statements_covered": 57.54716981132076, "percent_statements_covered_display": "57.55", "num_branches": 54, "num_partial_branches": 6, "covered_branches": 20, "missing_branches": 34, "percent_branches_covered": 37.03703703703704, "percent_branches_covered_display": "37.04"}, "missing_lines": [429, 430, 432, 433, 435, 436, 439, 449, 450, 498, 500, 501, 502, 504, 505, 507, 508, 511, 521, 522, 570, 574, 575, 577, 578, 580, 581, 584, 594, 595, 643, 645, 646, 647, 649, 650, 652, 653, 656, 666, 667, 715, 724, 795, 862], "excluded_lines": [], "start_line": 1, "executed_branches": [[232, 233], [232, 297], [297, 298], [297, 362], [362, 363], [362, 427], [427, 572], [572, 717], [717, 718], [720, 721], [720, 791], [721, 723], [721, 864], [723, 726], [791, 792], [792, 793], [792, 864], [793, 792], [793, 794], [794, 797]], "missing_branches": [[427, 429], [429, 430], [429, 500], [430, 432], [430, 864], [432, 433], [432, 435], [500, 501], [500, 864], [501, 502], [501, 864], [502, 501], [502, 504], [504, 505], [504, 507], [572, 574], [574, 575], [574, 645], [575, 577], [575, 864], [577, 578], [577, 580], [645, 646], [645, 864], [646, 647], [646, 864], [647, 646], [647, 649], [649, 650], [649, 652], [717, 862], [723, 724], [791, 864], [794, 795]]}}}, "grplot/analytic/__init__.py": {"executed_lines": [], "summary": {"covered_lines": 0, "num_statements": 109, "percent_covered": 0.0, "percent_covered_display": "0.00", "missing_lines": 109, "excluded_lines": 0, "percent_statements_covered": 0.0, "percent_statements_covered_display": "0.00", "num_branches": 38, "num_partial_branches": 0, "covered_branches": 0, "missing_branches": 38, "percent_branches_covered": 0.0, "percent_branches_covered_display": "0.00"}, "missing_lines": [1, 2, 3, 4, 5, 6, 7, 8, 9, 12, 26, 28, 33, 34, 35, 36, 37, 38, 39, 40, 41, 42, 43, 44, 45, 46, 47, 48, 50, 51, 53, 54, 55, 56, 59, 62, 63, 65, 66, 67, 69, 70, 71, 73, 74, 75, 77, 78, 79, 81, 82, 84, 85, 86, 87, 88, 89, 91, 92, 95, 96, 97, 98, 99, 100, 101, 103, 104, 105, 106, 107, 109, 111, 113, 114, 116, 117, 119, 120, 121, 123, 125, 127, 128, 129, 131, 133, 134, 136, 137, 138, 142, 143, 144, 145, 146, 147, 148, 149, 150, 151, 152, 153, 154, 156, 157, 159, 161, 162], "excluded_lines": [], "executed_branches": [], "missing_branches": [[26, 28], [26, 113], [50, 51], [50, 53], [62, 63], [62, 65], [66, 67], [66, 69], [70, 71], [70, 73], [74, 75], [74, 77], [78, 79], [78, 81], [91, 92], [91, 95], [96, 97], [96, 100], [103, 104], [103, 111], [104, 105], [104, 109], [117, 119], [117, 161], [119, 120], [119, 125], [120, 121], [120, 123], [127, 128], [127, 133], [128, 129], [128, 131], [133, 134], [133, 136], [152, 153], [152, 154], [156, 157], [156, 159]], "functions": {"cohort": {"executed_lines": [], "summary": {"covered_lines": 0, "num_statements": 63, "percent_covered": 0.0, "percent_covered_display": "0.00", "missing_lines": 63, "excluded_lines": 0, "percent_statements_covered": 0.0, "percent_statements_covered_display": "0.00", "num_branches": 22, "num_partial_branches": 0, "covered_branches": 0, "missing_branches": 22, "percent_branches_covered": 0.0, "percent_branches_covered_display": "0.00"}, "missing_lines": [26, 28, 33, 34, 35, 36, 37, 38, 39, 40, 41, 42, 43, 46, 47, 48, 50, 51, 53, 54, 55, 56, 59, 62, 63, 65, 66, 67, 69, 70, 71, 73, 74, 75, 77, 78, 79, 81, 82, 84, 85, 86, 87, 88, 89, 91, 92, 95, 96, 97, 98, 99, 100, 101, 103, 104, 105, 106, 107, 109, 111, 113, 114], "excluded_lines": [], "start_line": 12, "executed_branches": [], "missing_branches": [[26, 28], [26, 113], [50, 51], [50, 53], [62, 63], [62, 65], [66, 67], [66, 69], [70, 71], [70, 73], [74, 75], [74, 77], [78, 79], [78, 81], [91, 92], [91, 95], [96, 97], [96, 100], [103, 104], [103, 111], [104, 105], [104, 109]]}, "cohort.cohort_period": {"executed_lines": [], "summary": {"covered_lines": 0, "num_statements": 2, "percent_covered": 0.0, "percent_covered_display": "0.00", "missing_lines": 2, "excluded_lines": 0, "percent_statements_covered": 0.0, "percent_statements_covered_display": "0.00", "num_branches": 0, "num_partial_branches": 0, "covered_branches": 0, "missing_branches": 0, "percent_branches_covered": 100.0, "percent_branches_covered_display": "100.00"}, "missing_lines": [44, 45], "excluded_lines": [], "start_line": 43, "executed_branches": [], "missing_branches": []}, "rank_order": {"executed_lines": [], "summary": {"covered_lines": 0, "num_statements": 33, "percent_covered": 0.0, "percent_covered_display": "0.00", "missing_lines": 33, "excluded_lines": 0, "percent_statements_covered": 0.0, "percent_statements_covered_display": "0.00", "num_branches": 16, "num_partial_branches": 0, "covered_branches": 0, "missing_branches": 16, "percent_branches_covered": 0.0, "percent_branches_covered_display": "0.00"}, "missing_lines": [117, 119, 120, 121, 123, 125, 127, 128, 129, 131, 133, 134, 136, 137, 138, 142, 143, 144, 145, 146, 147, 148, 149, 150, 151, 152, 153, 154, 156, 157, 159, 161, 162], "excluded_lines": [], "start_line": 116, "executed_branches": [], "missing_branches": [[117, 119], [117, 161], [119, 120], [119, 125], [120, 121], [120, 123], [127, 128], [127, 133], [128, 129], [128, 131], [133, 134], [133, 136], [152, 153], [152, 154], [156, 157], [156, 159]]}, "": {"executed_lines": [], "summary": {"covered_lines": 0, "num_statements": 11, "percent_covered": 0.0, "percent_covered_display": "0.00", "missing_lines": 11, "excluded_lines": 0, "percent_statements_covered": 0.0, "percent_statements_covered_display": "0.00", "num_branches": 0, "num_partial_branches": 0, "covered_branches": 0, "missing_branches": 0, "percent_branches_covered": 100.0, "percent_branches_covered_display": "100.00"}, "missing_lines": [1, 2, 3, 4, 5, 6, 7, 8, 9, 12, 116], "excluded_lines": [], "start_line": 1, "executed_branches": [], "missing_branches": []}}, "classes": {"": {"executed_lines": [], "summary": {"covered_lines": 0, "num_statements": 109, "percent_covered": 0.0, "percent_covered_display": "0.00", "missing_lines": 109, "excluded_lines": 0, "percent_statements_covered": 0.0, "percent_statements_covered_display": "0.00", "num_branches": 38, "num_partial_branches": 0, "covered_branches": 0, "missing_branches": 38, "percent_branches_covered": 0.0, "percent_branches_covered_display": "0.00"}, "missing_lines": [1, 2, 3, 4, 5, 6, 7, 8, 9, 12, 26, 28, 33, 34, 35, 36, 37, 38, 39, 40, 41, 42, 43, 44, 45, 46, 47, 48, 50, 51, 53, 54, 55, 56, 59, 62, 63, 65, 66, 67, 69, 70, 71, 73, 74, 75, 77, 78, 79, 81, 82, 84, 85, 86, 87, 88, 89, 91, 92, 95, 96, 97, 98, 99, 100, 101, 103, 104, 105, 106, 107, 109, 111, 113, 114, 116, 117, 119, 120, 121, 123, 125, 127, 128, 129, 131, 133, 134, 136, 137, 138, 142, 143, 144, 145, 146, 147, 148, 149, 150, 151, 152, 153, 154, 156, 157, 159, 161, 162], "excluded_lines": [], "start_line": 1, "executed_branches": [], "missing_branches": [[26, 28], [26, 113], [50, 51], [50, 53], [62, 63], [62, 65], [66, 67], [66, 69], [70, 71], [70, 73], [74, 75], [74, 77], [78, 79], [78, 81], [91, 92], [91, 95], [96, 97], [96, 100], [103, 104], [103, 111], [104, 105], [104, 109], [117, 119], [117, 161], [119, 120], [119, 125], [120, 121], [120, 123], [127, 128], [127, 133], [128, 129], [128, 131], [133, 134], [133, 136], [152, 153], [152, 154], [156, 157], [156, 159]]}}}, "grplot/features/__init__.py": {"executed_lines": [], "summary": {"covered_lines": 0, "num_statements": 0, "percent_covered": 100.0, "percent_covered_display": "100.00", "missing_lines": 0, "excluded_lines": 0, "percent_statements_covered": 100.0, "percent_statements_covered_display": "100.00", "num_branches": 0, "num_partial_branches": 0, "covered_branches": 0, "missing_branches": 0, "percent_branches_covered": 100.0, "percent_branches_covered_display": "100.00"}, "missing_lines": [], "excluded_lines": [], "executed_branches": [], "missing_branches": [], "functions": {"": {"executed_lines": [], "summary": {"covered_lines": 0, "num_statements": 0, "percent_covered": 100.0, "percent_covered_display": "100.00", "missing_lines": 0, "excluded_lines": 0, "percent_statements_covered": 100.0, "percent_statements_covered_display": "100.00", "num_branches": 0, "num_partial_branches": 0, "covered_branches": 0, "missing_branches": 0, "percent_branches_covered": 100.0, "percent_branches_covered_display": "100.00"}, "missing_lines": [], "excluded_lines": [], "start_line": 1, "executed_branches": [], "missing_branches": []}}, "classes": {"": {"executed_lines": [], "summary": {"covered_lines": 0, "num_statements": 0, "percent_covered": 100.0, "percent_covered_display": "100.00", "missing_lines": 0, "excluded_lines": 0, "percent_statements_covered": 100.0, "percent_statements_covered_display": "100.00", "num_branches": 0, "num_partial_branches": 0, "covered_branches": 0, "missing_branches": 0, "percent_branches_covered": 100.0, "percent_branches_covered_display": "100.00"}, "missing_lines": [], "excluded_lines": [], "start_line": 1, "executed_branches": [], "missing_branches": []}}}, "grplot/features/add/label_add/__init__.py": {"executed_lines": [], "summary": {"covered_lines": 0, "num_statements": 0, "percent_covered": 100.0, "percent_covered_display": "100.00", "missing_lines": 0, "excluded_lines": 0, "percent_statements_covered": 100.0, "percent_statements_covered_display": "100.00", "num_branches": 0, "num_partial_branches": 0, "covered_branches": 0, "missing_branches": 0, "percent_branches_covered": 100.0, "percent_branches_covered_display": "100.00"}, "missing_lines": [], "excluded_lines": [], "executed_branches": [], "missing_branches": [], "functions": {"": {"executed_lines": [], "summary": {"covered_lines": 0, "num_statements": 0, "percent_covered": 100.0, "percent_covered_display": "100.00", "missing_lines": 0, "excluded_lines": 0, "percent_statements_covered": 100.0, "percent_statements_covered_display": "100.00", "num_branches": 0, "num_partial_branches": 0, "covered_branches": 0, "missing_branches": 0, "percent_branches_covered": 100.0, "percent_branches_covered_display": "100.00"}, "missing_lines": [], "excluded_lines": [], "start_line": 1, "executed_branches": [], "missing_branches": []}}, "classes": {"": {"executed_lines": [], "summary": {"covered_lines": 0, "num_statements": 0, "percent_covered": 100.0, "percent_covered_display": "100.00", "missing_lines": 0, "excluded_lines": 0, "percent_statements_covered": 100.0, "percent_statements_covered_display": "100.00", "num_branches": 0, "num_partial_branches": 0, "covered_branches": 0, "missing_branches": 0, "percent_branches_covered": 100.0, "percent_branches_covered_display": "100.00"}, "missing_lines": [], "excluded_lines": [], "start_line": 1, "executed_branches": [], "missing_branches": []}}}, "grplot/features/add/label_add/check_label_add.py": {"executed_lines": [1, 4, 5, 6, 7, 9, 12, 13, 14, 16, 19], "summary": {"covered_lines": 11, "num_statements": 13, "percent_covered": 80.95238095238095, "percent_covered_display": "80.95", "missing_lines": 2, "excluded_lines": 0, "percent_statements_covered": 84.61538461538461, "percent_statements_covered_display": "84.62", "num_branches": 8, "num_partial_branches": 2, "covered_branches": 6, "missing_branches": 2, "percent_branches_covered": 75.0, "percent_branches_covered_display": "75.00"}, "missing_lines": [11, 18], "excluded_lines": [], "executed_branches": [[5, 6], [6, 7], [6, 9], [12, 13], [13, 14], [13, 16]], "missing_branches": [[5, 11], [12, 18]], "functions": {"check_label_add": {"executed_lines": [5, 6, 7, 9, 12, 13, 14, 16, 19], "summary": {"covered_lines": 9, "num_statements": 11, "percent_covered": 78.94736842105263, "percent_covered_display": "78.95", "missing_lines": 2, "excluded_lines": 0, "percent_statements_covered": 81.81818181818181, "percent_statements_covered_display": "81.82", "num_branches": 8, "num_partial_branches": 2, "covered_branches": 6, "missing_branches": 2, "percent_branches_covered": 75.0, "percent_branches_covered_display": "75.00"}, "missing_lines": [11, 18], "excluded_lines": [], "start_line": 4, "executed_branches": [[5, 6], [6, 7], [6, 9], [12, 13], [13, 14], [13, 16]], "missing_branches": [[5, 11], [12, 18]]}, "": {"executed_lines": [1, 4], "summary": {"covered_lines": 2, "num_statements": 2, "percent_covered": 100.0, "percent_covered_display": "100.00", "missing_lines": 0, "excluded_lines": 0, "percent_statements_covered": 100.0, "percent_statements_covered_display": "100.00", "num_branches": 0, "num_partial_branches": 0, "covered_branches": 0, "missing_branches": 0, "percent_branches_covered": 100.0, "percent_branches_covered_display": "100.00"}, "missing_lines": [], "excluded_lines": [], "start_line": 1, "executed_branches": [], "missing_branches": []}}, "classes": {"": {"executed_lines": [1, 4, 5, 6, 7, 9, 12, 13, 14, 16, 19], "summary": {"covered_lines": 11, "num_statements": 13, "percent_covered": 80.95238095238095, "percent_covered_display": "80.95", "missing_lines": 2, "excluded_lines": 0, "percent_statements_covered": 84.61538461538461, "percent_statements_covered_display": "84.62", "num_branches": 8, "num_partial_branches": 2, "covered_branches": 6, "missing_branches": 2, "percent_branches_covered": 75.0, "percent_branches_covered_display": "75.00"}, "missing_lines": [11, 18], "excluded_lines": [], "start_line": 1, "executed_branches": [[5, 6], [6, 7], [6, 9], [12, 13], [13, 14], [13, 16]], "missing_branches": [[5, 11], [12, 18]]}}}, "grplot/features/add/label_add/label_add_def.py": {"executed_lines": [1, 2, 3, 4, 5, 6, 7, 9, 12, 13, 14, 15, 16, 17, 19, 24], "summary": {"covered_lines": 16, "num_statements": 19, "percent_covered": 82.85714285714286, "percent_covered_display": "82.86", "missing_lines": 3, "excluded_lines": 0, "percent_statements_covered": 84.21052631578948, "percent_statements_covered_display": "84.21", "num_branches": 16, "num_partial_branches": 3, "covered_branches": 13, "missing_branches": 3, "percent_branches_covered": 81.25, "percent_branches_covered_display": "81.25"}, "missing_lines": [11, 21, 23], "excluded_lines": [], "executed_branches": [[2, 3], [2, 12], [3, 4], [4, 5], [4, 6], [6, 7], [6, 9], [12, 13], [13, 14], [14, 15], [14, 16], [16, 17], [16, 19]], "missing_branches": [[3, 11], [12, 23], [13, 21]], "functions": {"label_add_def": {"executed_lines": [2, 3, 4, 5, 6, 7, 9, 12, 13, 14, 15, 16, 17, 19, 24], "summary": {"covered_lines": 15, "num_statements": 18, "percent_covered": 82.3529411764706, "percent_covered_display": "82.35", "missing_lines": 3, "excluded_lines": 0, "percent_statements_covered": 83.33333333333333, "percent_statements_covered_display": "83.33", "num_branches": 16, "num_partial_branches": 3, "covered_branches": 13, "missing_branches": 3, "percent_branches_covered": 81.25, "percent_branches_covered_display": "81.25"}, "missing_lines": [11, 21, 23], "excluded_lines": [], "start_line": 1, "executed_branches": [[2, 3], [2, 12], [3, 4], [4, 5], [4, 6], [6, 7], [6, 9], [12, 13], [13, 14], [14, 15], [14, 16], [16, 17], [16, 19]], "missing_branches": [[3, 11], [12, 23], [13, 21]]}, "": {"executed_lines": [1], "summary": {"covered_lines": 1, "num_statements": 1, "percent_covered": 100.0, "percent_covered_display": "100.00", "missing_lines": 0, "excluded_lines": 0, "percent_statements_covered": 100.0, "percent_statements_covered_display": "100.00", "num_branches": 0, "num_partial_branches": 0, "covered_branches": 0, "missing_branches": 0, "percent_branches_covered": 100.0, "percent_branches_covered_display": "100.00"}, "missing_lines": [], "excluded_lines": [], "start_line": 1, "executed_branches": [], "missing_branches": []}}, "classes": {"": {"executed_lines": [1, 2, 3, 4, 5, 6, 7, 9, 12, 13, 14, 15, 16, 17, 19, 24], "summary": {"covered_lines": 16, "num_statements": 19, "percent_covered": 82.85714285714286, "percent_covered_display": "82.86", "missing_lines": 3, "excluded_lines": 0, "percent_statements_covered": 84.21052631578948, "percent_statements_covered_display": "84.21", "num_branches": 16, "num_partial_branches": 3, "covered_branches": 13, "missing_branches": 3, "percent_branches_covered": 81.25, "percent_branches_covered_display": "81.25"}, "missing_lines": [11, 21, 23], "excluded_lines": [], "start_line": 1, "executed_branches": [[2, 3], [2, 12], [3, 4], [4, 5], [4, 6], [6, 7], [6, 9], [12, 13], [13, 14], [14, 15], [14, 16], [16, 17], [16, 19]], "missing_branches": [[3, 11], [12, 23], [13, 21]]}}}, "grplot/features/add/label_add/label_add_type.py": {"executed_lines": [1, 2, 5, 6, 7, 8, 9, 10, 13], "summary": {"covered_lines": 9, "num_statements": 10, "percent_covered": 85.71428571428571, "percent_covered_display": "85.71", "missing_lines": 1, "excluded_lines": 0, "percent_statements_covered": 90.0, "percent_statements_covered_display": "90.00", "num_branches": 4, "num_partial_branches": 1, "covered_branches": 3, "missing_branches": 1, "percent_branches_covered": 75.0, "percent_branches_covered_display": "75.00"}, "missing_lines": [12], "excluded_lines": [], "executed_branches": [[7, 8], [7, 9], [9, 10]], "missing_branches": [[9, 12]], "functions": {"label_add_type": {"executed_lines": [6, 7, 8, 9, 10, 13], "summary": {"covered_lines": 6, "num_statements": 7, "percent_covered": 81.81818181818181, "percent_covered_display": "81.82", "missing_lines": 1, "excluded_lines": 0, "percent_statements_covered": 85.71428571428571, "percent_statements_covered_display": "85.71", "num_branches": 4, "num_partial_branches": 1, "covered_branches": 3, "missing_branches": 1, "percent_branches_covered": 75.0, "percent_branches_covered_display": "75.00"}, "missing_lines": [12], "excluded_lines": [], "start_line": 5, "executed_branches": [[7, 8], [7, 9], [9, 10]], "missing_branches": [[9, 12]]}, "": {"executed_lines": [1, 2, 5], "summary": {"covered_lines": 3, "num_statements": 3, "percent_covered": 100.0, "percent_covered_display": "100.00", "missing_lines": 0, "excluded_lines": 0, "percent_statements_covered": 100.0, "percent_statements_covered_display": "100.00", "num_branches": 0, "num_partial_branches": 0, "covered_branches": 0, "missing_branches": 0, "percent_branches_covered": 100.0, "percent_branches_covered_display": "100.00"}, "missing_lines": [], "excluded_lines": [], "start_line": 1, "executed_branches": [], "missing_branches": []}}, "classes": {"": {"executed_lines": [1, 2, 5, 6, 7, 8, 9, 10, 13], "summary": {"covered_lines": 9, "num_statements": 10, "percent_covered": 85.71428571428571, "percent_covered_display": "85.71", "missing_lines": 1, "excluded_lines": 0, "percent_statements_covered": 90.0, "percent_statements_covered_display": "90.00", "num_branches": 4, "num_partial_branches": 1, "covered_branches": 3, "missing_branches": 1, "percent_branches_covered": 75.0, "percent_branches_covered_display": "75.00"}, "missing_lines": [12], "excluded_lines": [], "start_line": 1, "executed_branches": [[7, 8], [7, 9], [9, 10]], "missing_branches": [[9, 12]]}}}, "grplot/features/add/statdesc_add/__init__.py": {"executed_lines": [], "summary": {"covered_lines": 0, "num_statements": 0, "percent_covered": 100.0, "percent_covered_display": "100.00", "missing_lines": 0, "excluded_lines": 0, "percent_statements_covered": 100.0, "percent_statements_covered_display": "100.00", "num_branches": 0, "num_partial_branches": 0, "covered_branches": 0, "missing_branches": 0, "percent_branches_covered": 100.0, "percent_branches_covered_display": "100.00"}, "missing_lines": [], "excluded_lines": [], "executed_branches": [], "missing_branches": [], "functions": {"": {"executed_lines": [], "summary": {"covered_lines": 0, "num_statements": 0, "percent_covered": 100.0, "percent_covered_display": "100.00", "missing_lines": 0, "excluded_lines": 0, "percent_statements_covered": 100.0, "percent_statements_covered_display": "100.00", "num_branches": 0, "num_partial_branches": 0, "covered_branches": 0, "missing_branches": 0, "percent_branches_covered": 100.0, "percent_branches_covered_display": "100.00"}, "missing_lines": [], "excluded_lines": [], "start_line": 1, "executed_branches": [], "missing_branches": []}}, "classes": {"": {"executed_lines": [], "summary": {"covered_lines": 0, "num_statements": 0, "percent_covered": 100.0, "percent_covered_display": "100.00", "missing_lines": 0, "excluded_lines": 0, "percent_statements_covered": 100.0, "percent_statements_covered_display": "100.00", "num_branches": 0, "num_partial_branches": 0, "covered_branches": 0, "missing_branches": 0, "percent_branches_covered": 100.0, "percent_branches_covered_display": "100.00"}, "missing_lines": [], "excluded_lines": [], "start_line": 1, "executed_branches": [], "missing_branches": []}}}, "grplot/features/add/statdesc_add/statdesc_add_def.py": {"executed_lines": [1], "summary": {"covered_lines": 1, "num_statements": 28, "percent_covered": 1.9230769230769231, "percent_covered_display": "1.92", "missing_lines": 27, "excluded_lines": 0, "percent_statements_covered": 3.5714285714285716, "percent_statements_covered_display": "3.57", "num_branches": 24, "num_partial_branches": 0, "covered_branches": 0, "missing_branches": 24, "percent_branches_covered": 0.0, "percent_branches_covered_display": "0.00"}, "missing_lines": [3, 4, 6, 7, 8, 9, 10, 12, 13, 14, 15, 17, 19, 20, 22, 23, 24, 25, 26, 28, 29, 30, 32, 33, 35, 37, 38], "excluded_lines": [], "executed_branches": [], "missing_branches": [[3, 4], [3, 6], [7, 8], [7, 23], [8, 9], [8, 13], [9, 10], [9, 12], [13, 14], [13, 19], [14, 15], [14, 17], [19, 20], [19, 22], [23, 24], [23, 37], [24, 25], [24, 29], [25, 26], [25, 28], [29, 30], [29, 32], [32, 33], [32, 35]], "functions": {"statdesc_add_def": {"executed_lines": [], "summary": {"covered_lines": 0, "num_statements": 27, "percent_covered": 0.0, "percent_covered_display": "0.00", "missing_lines": 27, "excluded_lines": 0, "percent_statements_covered": 0.0, "percent_statements_covered_display": "0.00", "num_branches": 24, "num_partial_branches": 0, "covered_branches": 0, "missing_branches": 24, "percent_branches_covered": 0.0, "percent_branches_covered_display": "0.00"}, "missing_lines": [3, 4, 6, 7, 8, 9, 10, 12, 13, 14, 15, 17, 19, 20, 22, 23, 24, 25, 26, 28, 29, 30, 32, 33, 35, 37, 38], "excluded_lines": [], "start_line": 1, "executed_branches": [], "missing_branches": [[3, 4], [3, 6], [7, 8], [7, 23], [8, 9], [8, 13], [9, 10], [9, 12], [13, 14], [13, 19], [14, 15], [14, 17], [19, 20], [19, 22], [23, 24], [23, 37], [24, 25], [24, 29], [25, 26], [25, 28], [29, 30], [29, 32], [32, 33], [32, 35]]}, "": {"executed_lines": [1], "summary": {"covered_lines": 1, "num_statements": 1, "percent_covered": 100.0, "percent_covered_display": "100.00", "missing_lines": 0, "excluded_lines": 0, "percent_statements_covered": 100.0, "percent_statements_covered_display": "100.00", "num_branches": 0, "num_partial_branches": 0, "covered_branches": 0, "missing_branches": 0, "percent_branches_covered": 100.0, "percent_branches_covered_display": "100.00"}, "missing_lines": [], "excluded_lines": [], "start_line": 1, "executed_branches": [], "missing_branches": []}}, "classes": {"": {"executed_lines": [1], "summary": {"covered_lines": 1, "num_statements": 28, "percent_covered": 1.9230769230769231, "percent_covered_display": "1.92", "missing_lines": 27, "excluded_lines": 0, "percent_statements_covered": 3.5714285714285716, "percent_statements_covered_display": "3.57", "num_branches": 24, "num_partial_branches": 0, "covered_branches": 0, "missing_branches": 24, "percent_branches_covered": 0.0, "percent_branches_covered_display": "0.00"}, "missing_lines": [3, 4, 6, 7, 8, 9, 10, 12, 13, 14, 15, 17, 19, 20, 22, 23, 24, 25, 26, 28, 29, 30, 32, 33, 35, 37, 38], "excluded_lines": [], "start_line": 1, "executed_branches": [], "missing_branches": [[3, 4], [3, 6], [7, 8], [7, 23], [8, 9], [8, 13], [9, 10], [9, 12], [13, 14], [13, 19], [14, 15], [14, 17], [19, 20], [19, 22], [23, 24], [23, 37], [24, 25], [24, 29], [25, 26], [25, 28], [29, 30], [29, 32], [32, 33], [32, 35]]}}}, "grplot/features/add/statdesc_add/statdesc_add_type.py": {"executed_lines": [1, 2, 5, 6, 7, 8, 13], "summary": {"covered_lines": 7, "num_statements": 10, "percent_covered": 57.142857142857146, "percent_covered_display": "57.14", "missing_lines": 3, "excluded_lines": 0, "percent_statements_covered": 70.0, "percent_statements_covered_display": "70.00", "num_branches": 4, "num_partial_branches": 1, "covered_branches": 1, "missing_branches": 3, "percent_branches_covered": 25.0, "percent_branches_covered_display": "25.00"}, "missing_lines": [9, 10, 12], "excluded_lines": [], "executed_branches": [[7, 8]], "missing_branches": [[7, 9], [9, 10], [9, 12]], "functions": {"statdesc_add_type": {"executed_lines": [6, 7, 8, 13], "summary": {"covered_lines": 4, "num_statements": 7, "percent_covered": 45.45454545454545, "percent_covered_display": "45.45", "missing_lines": 3, "excluded_lines": 0, "percent_statements_covered": 57.142857142857146, "percent_statements_covered_display": "57.14", "num_branches": 4, "num_partial_branches": 1, "covered_branches": 1, "missing_branches": 3, "percent_branches_covered": 25.0, "percent_branches_covered_display": "25.00"}, "missing_lines": [9, 10, 12], "excluded_lines": [], "start_line": 5, "executed_branches": [[7, 8]], "missing_branches": [[7, 9], [9, 10], [9, 12]]}, "": {"executed_lines": [1, 2, 5], "summary": {"covered_lines": 3, "num_statements": 3, "percent_covered": 100.0, "percent_covered_display": "100.00", "missing_lines": 0, "excluded_lines": 0, "percent_statements_covered": 100.0, "percent_statements_covered_display": "100.00", "num_branches": 0, "num_partial_branches": 0, "covered_branches": 0, "missing_branches": 0, "percent_branches_covered": 100.0, "percent_branches_covered_display": "100.00"}, "missing_lines": [], "excluded_lines": [], "start_line": 1, "executed_branches": [], "missing_branches": []}}, "classes": {"": {"executed_lines": [1, 2, 5, 6, 7, 8, 13], "summary": {"covered_lines": 7, "num_statements": 10, "percent_covered": 57.142857142857146, "percent_covered_display": "57.14", "missing_lines": 3, "excluded_lines": 0, "percent_statements_covered": 70.0, "percent_statements_covered_display": "70.00", "num_branches": 4, "num_partial_branches": 1, "covered_branches": 1, "missing_branches": 3, "percent_branches_covered": 25.0, "percent_branches_covered_display": "25.00"}, "missing_lines": [9, 10, 12], "excluded_lines": [], "start_line": 1, "executed_branches": [[7, 8]], "missing_branches": [[7, 9], [9, 10], [9, 12]]}}}, "grplot/features/add/text_add/__init__.py": {"executed_lines": [], "summary": {"covered_lines": 0, "num_statements": 0, "percent_covered": 100.0, "percent_covered_display": "100.00", "missing_lines": 0, "excluded_lines": 0, "percent_statements_covered": 100.0, "percent_statements_covered_display": "100.00", "num_branches": 0, "num_partial_branches": 0, "covered_branches": 0, "missing_branches": 0, "percent_branches_covered": 100.0, "percent_branches_covered_display": "100.00"}, "missing_lines": [], "excluded_lines": [], "executed_branches": [], "missing_branches": [], "functions": {"": {"executed_lines": [], "summary": {"covered_lines": 0, "num_statements": 0, "percent_covered": 100.0, "percent_covered_display": "100.00", "missing_lines": 0, "excluded_lines": 0, "percent_statements_covered": 100.0, "percent_statements_covered_display": "100.00", "num_branches": 0, "num_partial_branches": 0, "covered_branches": 0, "missing_branches": 0, "percent_branches_covered": 100.0, "percent_branches_covered_display": "100.00"}, "missing_lines": [], "excluded_lines": [], "start_line": 1, "executed_branches": [], "missing_branches": []}}, "classes": {"": {"executed_lines": [], "summary": {"covered_lines": 0, "num_statements": 0, "percent_covered": 100.0, "percent_covered_display": "100.00", "missing_lines": 0, "excluded_lines": 0, "percent_statements_covered": 100.0, "percent_statements_covered_display": "100.00", "num_branches": 0, "num_partial_branches": 0, "covered_branches": 0, "missing_branches": 0, "percent_branches_covered": 100.0, "percent_branches_covered_display": "100.00"}, "missing_lines": [], "excluded_lines": [], "start_line": 1, "executed_branches": [], "missing_branches": []}}}, "grplot/features/add/text_add/text_add_def.py": {"executed_lines": [1, 3, 6, 7, 8, 9, 10, 12, 13, 14, 15, 17, 23, 24, 25, 26, 28, 29, 30, 32, 33, 35, 38], "summary": {"covered_lines": 23, "num_statements": 28, "percent_covered": 80.76923076923077, "percent_covered_display": "80.77", "missing_lines": 5, "excluded_lines": 0, "percent_statements_covered": 82.14285714285714, "percent_statements_covered_display": "82.14", "num_branches": 24, "num_partial_branches": 3, "covered_branches": 19, "missing_branches": 5, "percent_branches_covered": 79.16666666666667, "percent_branches_covered_display": "79.17"}, "missing_lines": [4, 19, 20, 22, 37], "excluded_lines": [], "executed_branches": [[3, 6], [7, 8], [7, 23], [8, 9], [8, 13], [9, 10], [9, 12], [13, 14], [14, 15], [14, 17], [23, 24], [24, 25], [24, 29], [25, 26], [25, 28], [29, 30], [29, 32], [32, 33], [32, 35]], "missing_branches": [[3, 4], [13, 19], [19, 20], [19, 22], [23, 37]], "functions": {"text_add_def": {"executed_lines": [3, 6, 7, 8, 9, 10, 12, 13, 14, 15, 17, 23, 24, 25, 26, 28, 29, 30, 32, 33, 35, 38], "summary": {"covered_lines": 22, "num_statements": 27, "percent_covered": 80.3921568627451, "percent_covered_display": "80.39", "missing_lines": 5, "excluded_lines": 0, "percent_statements_covered": 81.48148148148148, "percent_statements_covered_display": "81.48", "num_branches": 24, "num_partial_branches": 3, "covered_branches": 19, "missing_branches": 5, "percent_branches_covered": 79.16666666666667, "percent_branches_covered_display": "79.17"}, "missing_lines": [4, 19, 20, 22, 37], "excluded_lines": [], "start_line": 1, "executed_branches": [[3, 6], [7, 8], [7, 23], [8, 9], [8, 13], [9, 10], [9, 12], [13, 14], [14, 15], [14, 17], [23, 24], [24, 25], [24, 29], [25, 26], [25, 28], [29, 30], [29, 32], [32, 33], [32, 35]], "missing_branches": [[3, 4], [13, 19], [19, 20], [19, 22], [23, 37]]}, "": {"executed_lines": [1], "summary": {"covered_lines": 1, "num_statements": 1, "percent_covered": 100.0, "percent_covered_display": "100.00", "missing_lines": 0, "excluded_lines": 0, "percent_statements_covered": 100.0, "percent_statements_covered_display": "100.00", "num_branches": 0, "num_partial_branches": 0, "covered_branches": 0, "missing_branches": 0, "percent_branches_covered": 100.0, "percent_branches_covered_display": "100.00"}, "missing_lines": [], "excluded_lines": [], "start_line": 1, "executed_branches": [], "missing_branches": []}}, "classes": {"": {"executed_lines": [1, 3, 6, 7, 8, 9, 10, 12, 13, 14, 15, 17, 23, 24, 25, 26, 28, 29, 30, 32, 33, 35, 38], "summary": {"covered_lines": 23, "num_statements": 28, "percent_covered": 80.76923076923077, "percent_covered_display": "80.77", "missing_lines": 5, "excluded_lines": 0, "percent_statements_covered": 82.14285714285714, "percent_statements_covered_display": "82.14", "num_branches": 24, "num_partial_branches": 3, "covered_branches": 19, "missing_branches": 5, "percent_branches_covered": 79.16666666666667, "percent_branches_covered_display": "79.17"}, "missing_lines": [4, 19, 20, 22, 37], "excluded_lines": [], "start_line": 1, "executed_branches": [[3, 6], [7, 8], [7, 23], [8, 9], [8, 13], [9, 10], [9, 12], [13, 14], [14, 15], [14, 17], [23, 24], [24, 25], [24, 29], [25, 26], [25, 28], [29, 30], [29, 32], [32, 33], [32, 35]], "missing_branches": [[3, 4], [13, 19], [19, 20], [19, 22], [23, 37]]}}}, "grplot/features/add/text_add/text_add_type.py": {"executed_lines": [1, 2, 3, 6, 7, 10, 11, 12, 13, 14, 17], "summary": {"covered_lines": 11, "num_statements": 13, "percent_covered": 78.94736842105263, "percent_covered_display": "78.95", "missing_lines": 2, "excluded_lines": 0, "percent_statements_covered": 84.61538461538461, "percent_statements_covered_display": "84.62", "num_branches": 6, "num_partial_branches": 2, "covered_branches": 4, "missing_branches": 2, "percent_branches_covered": 66.66666666666667, "percent_branches_covered_display": "66.67"}, "missing_lines": [8, 16], "excluded_lines": [], "executed_branches": [[7, 10], [11, 12], [11, 13], [13, 14]], "missing_branches": [[7, 8], [13, 16]], "functions": {"text_add_type": {"executed_lines": [7, 10, 11, 12, 13, 14, 17], "summary": {"covered_lines": 7, "num_statements": 9, "percent_covered": 73.33333333333333, "percent_covered_display": "73.33", "missing_lines": 2, "excluded_lines": 0, "percent_statements_covered": 77.77777777777777, "percent_statements_covered_display": "77.78", "num_branches": 6, "num_partial_branches": 2, "covered_branches": 4, "missing_branches": 2, "percent_branches_covered": 66.66666666666667, "percent_branches_covered_display": "66.67"}, "missing_lines": [8, 16], "excluded_lines": [], "start_line": 6, "executed_branches": [[7, 10], [11, 12], [11, 13], [13, 14]], "missing_branches": [[7, 8], [13, 16]]}, "": {"executed_lines": [1, 2, 3, 6], "summary": {"covered_lines": 4, "num_statements": 4, "percent_covered": 100.0, "percent_covered_display": "100.00", "missing_lines": 0, "excluded_lines": 0, "percent_statements_covered": 100.0, "percent_statements_covered_display": "100.00", "num_branches": 0, "num_partial_branches": 0, "covered_branches": 0, "missing_branches": 0, "percent_branches_covered": 100.0, "percent_branches_covered_display": "100.00"}, "missing_lines": [], "excluded_lines": [], "start_line": 1, "executed_branches": [], "missing_branches": []}}, "classes": {"": {"executed_lines": [1, 2, 3, 6, 7, 10, 11, 12, 13, 14, 17], "summary": {"covered_lines": 11, "num_statements": 13, "percent_covered": 78.94736842105263, "percent_covered_display": "78.95", "missing_lines": 2, "excluded_lines": 0, "percent_statements_covered": 84.61538461538461, "percent_statements_covered_display": "84.62", "num_branches": 6, "num_partial_branches": 2, "covered_branches": 4, "missing_branches": 2, "percent_branches_covered": 66.66666666666667, "percent_branches_covered_display": "66.67"}, "missing_lines": [8, 16], "excluded_lines": [], "start_line": 1, "executed_branches": [[7, 10], [11, 12], [11, 13], [13, 14]], "missing_branches": [[7, 8], [13, 16]]}}}, "grplot/features/add/tick_add/__init__.py": {"executed_lines": [], "summary": {"covered_lines": 0, "num_statements": 0, "percent_covered": 100.0, "percent_covered_display": "100.00", "missing_lines": 0, "excluded_lines": 0, "percent_statements_covered": 100.0, "percent_statements_covered_display": "100.00", "num_branches": 0, "num_partial_branches": 0, "covered_branches": 0, "missing_branches": 0, "percent_branches_covered": 100.0, "percent_branches_covered_display": "100.00"}, "missing_lines": [], "excluded_lines": [], "executed_branches": [], "missing_branches": [], "functions": {"": {"executed_lines": [], "summary": {"covered_lines": 0, "num_statements": 0, "percent_covered": 100.0, "percent_covered_display": "100.00", "missing_lines": 0, "excluded_lines": 0, "percent_statements_covered": 100.0, "percent_statements_covered_display": "100.00", "num_branches": 0, "num_partial_branches": 0, "covered_branches": 0, "missing_branches": 0, "percent_branches_covered": 100.0, "percent_branches_covered_display": "100.00"}, "missing_lines": [], "excluded_lines": [], "start_line": 1, "executed_branches": [], "missing_branches": []}}, "classes": {"": {"executed_lines": [], "summary": {"covered_lines": 0, "num_statements": 0, "percent_covered": 100.0, "percent_covered_display": "100.00", "missing_lines": 0, "excluded_lines": 0, "percent_statements_covered": 100.0, "percent_statements_covered_display": "100.00", "num_branches": 0, "num_partial_branches": 0, "covered_branches": 0, "missing_branches": 0, "percent_branches_covered": 100.0, "percent_branches_covered_display": "100.00"}, "missing_lines": [], "excluded_lines": [], "start_line": 1, "executed_branches": [], "missing_branches": []}}}, "grplot/features/add/tick_add/check_tick_add.py": {"executed_lines": [1, 4, 5, 6, 7, 9, 12, 13, 14, 16, 19], "summary": {"covered_lines": 11, "num_statements": 13, "percent_covered": 80.95238095238095, "percent_covered_display": "80.95", "missing_lines": 2, "excluded_lines": 0, "percent_statements_covered": 84.61538461538461, "percent_statements_covered_display": "84.62", "num_branches": 8, "num_partial_branches": 2, "covered_branches": 6, "missing_branches": 2, "percent_branches_covered": 75.0, "percent_branches_covered_display": "75.00"}, "missing_lines": [11, 18], "excluded_lines": [], "executed_branches": [[5, 6], [6, 7], [6, 9], [12, 13], [13, 14], [13, 16]], "missing_branches": [[5, 11], [12, 18]], "functions": {"check_tick_add": {"executed_lines": [5, 6, 7, 9, 12, 13, 14, 16, 19], "summary": {"covered_lines": 9, "num_statements": 11, "percent_covered": 78.94736842105263, "percent_covered_display": "78.95", "missing_lines": 2, "excluded_lines": 0, "percent_statements_covered": 81.81818181818181, "percent_statements_covered_display": "81.82", "num_branches": 8, "num_partial_branches": 2, "covered_branches": 6, "missing_branches": 2, "percent_branches_covered": 75.0, "percent_branches_covered_display": "75.00"}, "missing_lines": [11, 18], "excluded_lines": [], "start_line": 4, "executed_branches": [[5, 6], [6, 7], [6, 9], [12, 13], [13, 14], [13, 16]], "missing_branches": [[5, 11], [12, 18]]}, "": {"executed_lines": [1, 4], "summary": {"covered_lines": 2, "num_statements": 2, "percent_covered": 100.0, "percent_covered_display": "100.00", "missing_lines": 0, "excluded_lines": 0, "percent_statements_covered": 100.0, "percent_statements_covered_display": "100.00", "num_branches": 0, "num_partial_branches": 0, "covered_branches": 0, "missing_branches": 0, "percent_branches_covered": 100.0, "percent_branches_covered_display": "100.00"}, "missing_lines": [], "excluded_lines": [], "start_line": 1, "executed_branches": [], "missing_branches": []}}, "classes": {"": {"executed_lines": [1, 4, 5, 6, 7, 9, 12, 13, 14, 16, 19], "summary": {"covered_lines": 11, "num_statements": 13, "percent_covered": 80.95238095238095, "percent_covered_display": "80.95", "missing_lines": 2, "excluded_lines": 0, "percent_statements_covered": 84.61538461538461, "percent_statements_covered_display": "84.62", "num_branches": 8, "num_partial_branches": 2, "covered_branches": 6, "missing_branches": 2, "percent_branches_covered": 75.0, "percent_branches_covered_display": "75.00"}, "missing_lines": [11, 18], "excluded_lines": [], "start_line": 1, "executed_branches": [[5, 6], [6, 7], [6, 9], [12, 13], [13, 14], [13, 16]], "missing_branches": [[5, 11], [12, 18]]}}}, "grplot/features/add/tick_add/tick_add_def.py": {"executed_lines": [1, 2, 3, 4, 5, 6, 7, 8, 9, 11, 12, 13, 14, 15, 16, 17, 18, 19, 21, 22, 25, 26, 27, 28, 29, 30, 31, 32, 34, 35, 36, 37, 38, 39, 40, 41, 42, 44, 45, 51], "summary": {"covered_lines": 40, "num_statements": 43, "percent_covered": 91.54929577464789, "percent_covered_display": "91.55", "missing_lines": 3, "excluded_lines": 0, "percent_statements_covered": 93.02325581395348, "percent_statements_covered_display": "93.02", "num_branches": 28, "num_partial_branches": 3, "covered_branches": 25, "missing_branches": 3, "percent_branches_covered": 89.28571428571429, "percent_branches_covered_display": "89.29"}, "missing_lines": [24, 47, 49], "excluded_lines": [], "executed_branches": [[2, 3], [2, 25], [3, 4], [3, 13], [4, 5], [4, 7], [7, 8], [7, 11], [13, 14], [14, 15], [14, 17], [17, 18], [17, 21], [25, 26], [26, 27], [26, 36], [27, 28], [27, 30], [30, 31], [30, 34], [36, 37], [37, 38], [37, 40], [40, 41], [40, 44]], "missing_branches": [[13, 24], [25, 49], [36, 47]], "functions": {"tick_add_def": {"executed_lines": [2, 3, 4, 5, 6, 7, 8, 9, 11, 12, 13, 14, 15, 16, 17, 18, 19, 21, 22, 25, 26, 27, 28, 29, 30, 31, 32, 34, 35, 36, 37, 38, 39, 40, 41, 42, 44, 45, 51], "summary": {"covered_lines": 39, "num_statements": 42, "percent_covered": 91.42857142857143, "percent_covered_display": "91.43", "missing_lines": 3, "excluded_lines": 0, "percent_statements_covered": 92.85714285714286, "percent_statements_covered_display": "92.86", "num_branches": 28, "num_partial_branches": 3, "covered_branches": 25, "missing_branches": 3, "percent_branches_covered": 89.28571428571429, "percent_branches_covered_display": "89.29"}, "missing_lines": [24, 47, 49], "excluded_lines": [], "start_line": 1, "executed_branches": [[2, 3], [2, 25], [3, 4], [3, 13], [4, 5], [4, 7], [7, 8], [7, 11], [13, 14], [14, 15], [14, 17], [17, 18], [17, 21], [25, 26], [26, 27], [26, 36], [27, 28], [27, 30], [30, 31], [30, 34], [36, 37], [37, 38], [37, 40], [40, 41], [40, 44]], "missing_branches": [[13, 24], [25, 49], [36, 47]]}, "": {"executed_lines": [1], "summary": {"covered_lines": 1, "num_statements": 1, "percent_covered": 100.0, "percent_covered_display": "100.00", "missing_lines": 0, "excluded_lines": 0, "percent_statements_covered": 100.0, "percent_statements_covered_display": "100.00", "num_branches": 0, "num_partial_branches": 0, "covered_branches": 0, "missing_branches": 0, "percent_branches_covered": 100.0, "percent_branches_covered_display": "100.00"}, "missing_lines": [], "excluded_lines": [], "start_line": 1, "executed_branches": [], "missing_branches": []}}, "classes": {"": {"executed_lines": [1, 2, 3, 4, 5, 6, 7, 8, 9, 11, 12, 13, 14, 15, 16, 17, 18, 19, 21, 22, 25, 26, 27, 28, 29, 30, 31, 32, 34, 35, 36, 37, 38, 39, 40, 41, 42, 44, 45, 51], "summary": {"covered_lines": 40, "num_statements": 43, "percent_covered": 91.54929577464789, "percent_covered_display": "91.55", "missing_lines": 3, "excluded_lines": 0, "percent_statements_covered": 93.02325581395348, "percent_statements_covered_display": "93.02", "num_branches": 28, "num_partial_branches": 3, "covered_branches": 25, "missing_branches": 3, "percent_branches_covered": 89.28571428571429, "percent_branches_covered_display": "89.29"}, "missing_lines": [24, 47, 49], "excluded_lines": [], "start_line": 1, "executed_branches": [[2, 3], [2, 25], [3, 4], [3, 13], [4, 5], [4, 7], [7, 8], [7, 11], [13, 14], [14, 15], [14, 17], [17, 18], [17, 21], [25, 26], [26, 27], [26, 36], [27, 28], [27, 30], [30, 31], [30, 34], [36, 37], [37, 38], [37, 40], [40, 41], [40, 44]], "missing_branches": [[13, 24], [25, 49], [36, 47]]}}}, "grplot/features/add/tick_add/tick_add_type.py": {"executed_lines": [1, 2, 5, 6, 7, 8, 9, 10, 13], "summary": {"covered_lines": 9, "num_statements": 10, "percent_covered": 85.71428571428571, "percent_covered_display": "85.71", "missing_lines": 1, "excluded_lines": 0, "percent_statements_covered": 90.0, "percent_statements_covered_display": "90.00", "num_branches": 4, "num_partial_branches": 1, "covered_branches": 3, "missing_branches": 1, "percent_branches_covered": 75.0, "percent_branches_covered_display": "75.00"}, "missing_lines": [12], "excluded_lines": [], "executed_branches": [[7, 8], [7, 9], [9, 10]], "missing_branches": [[9, 12]], "functions": {"tick_add_type": {"executed_lines": [6, 7, 8, 9, 10, 13], "summary": {"covered_lines": 6, "num_statements": 7, "percent_covered": 81.81818181818181, "percent_covered_display": "81.82", "missing_lines": 1, "excluded_lines": 0, "percent_statements_covered": 85.71428571428571, "percent_statements_covered_display": "85.71", "num_branches": 4, "num_partial_branches": 1, "covered_branches": 3, "missing_branches": 1, "percent_branches_covered": 75.0, "percent_branches_covered_display": "75.00"}, "missing_lines": [12], "excluded_lines": [], "start_line": 5, "executed_branches": [[7, 8], [7, 9], [9, 10]], "missing_branches": [[9, 12]]}, "": {"executed_lines": [1, 2, 5], "summary": {"covered_lines": 3, "num_statements": 3, "percent_covered": 100.0, "percent_covered_display": "100.00", "missing_lines": 0, "excluded_lines": 0, "percent_statements_covered": 100.0, "percent_statements_covered_display": "100.00", "num_branches": 0, "num_partial_branches": 0, "covered_branches": 0, "missing_branches": 0, "percent_branches_covered": 100.0, "percent_branches_covered_display": "100.00"}, "missing_lines": [], "excluded_lines": [], "start_line": 1, "executed_branches": [], "missing_branches": []}}, "classes": {"": {"executed_lines": [1, 2, 5, 6, 7, 8, 9, 10, 13], "summary": {"covered_lines": 9, "num_statements": 10, "percent_covered": 85.71428571428571, "percent_covered_display": "85.71", "missing_lines": 1, "excluded_lines": 0, "percent_statements_covered": 90.0, "percent_statements_covered_display": "90.00", "num_branches": 4, "num_partial_branches": 1, "covered_branches": 3, "missing_branches": 1, "percent_branches_covered": 75.0, "percent_branches_covered_display": "75.00"}, "missing_lines": [12], "excluded_lines": [], "start_line": 1, "executed_branches": [[7, 8], [7, 9], [9, 10]], "missing_branches": [[9, 12]]}}}, "grplot/features/dt/__init__.py": {"executed_lines": [], "summary": {"covered_lines": 0, "num_statements": 0, "percent_covered": 100.0, "percent_covered_display": "100.00", "missing_lines": 0, "excluded_lines": 0, "percent_statements_covered": 100.0, "percent_statements_covered_display": "100.00", "num_branches": 0, "num_partial_branches": 0, "covered_branches": 0, "missing_branches": 0, "percent_branches_covered": 100.0, "percent_branches_covered_display": "100.00"}, "missing_lines": [], "excluded_lines": [], "executed_branches": [], "missing_branches": [], "functions": {"": {"executed_lines": [], "summary": {"covered_lines": 0, "num_statements": 0, "percent_covered": 100.0, "percent_covered_display": "100.00", "missing_lines": 0, "excluded_lines": 0, "percent_statements_covered": 100.0, "percent_statements_covered_display": "100.00", "num_branches": 0, "num_partial_branches": 0, "covered_branches": 0, "missing_branches": 0, "percent_branches_covered": 100.0, "percent_branches_covered_display": "100.00"}, "missing_lines": [], "excluded_lines": [], "start_line": 1, "executed_branches": [], "missing_branches": []}}, "classes": {"": {"executed_lines": [], "summary": {"covered_lines": 0, "num_statements": 0, "percent_covered": 100.0, "percent_covered_display": "100.00", "missing_lines": 0, "excluded_lines": 0, "percent_statements_covered": 100.0, "percent_statements_covered_display": "100.00", "num_branches": 0, "num_partial_branches": 0, "covered_branches": 0, "missing_branches": 0, "percent_branches_covered": 100.0, "percent_branches_covered_display": "100.00"}, "missing_lines": [], "excluded_lines": [], "start_line": 1, "executed_branches": [], "missing_branches": []}}}, "grplot/features/dt/check_dt.py": {"executed_lines": [1, 4, 5, 6, 7, 9, 12, 13, 16, 19], "summary": {"covered_lines": 10, "num_statements": 13, "percent_covered": 71.42857142857143, "percent_covered_display": "71.43", "missing_lines": 3, "excluded_lines": 0, "percent_statements_covered": 76.92307692307692, "percent_statements_covered_display": "76.92", "num_branches": 8, "num_partial_branches": 3, "covered_branches": 5, "missing_branches": 3, "percent_branches_covered": 62.5, "percent_branches_covered_display": "62.50"}, "missing_lines": [11, 14, 18], "excluded_lines": [], "executed_branches": [[5, 6], [6, 7], [6, 9], [12, 13], [13, 16]], "missing_branches": [[5, 11], [12, 18], [13, 14]], "functions": {"check_dt": {"executed_lines": [5, 6, 7, 9, 12, 13, 16, 19], "summary": {"covered_lines": 8, "num_statements": 11, "percent_covered": 68.42105263157895, "percent_covered_display": "68.42", "missing_lines": 3, "excluded_lines": 0, "percent_statements_covered": 72.72727272727273, "percent_statements_covered_display": "72.73", "num_branches": 8, "num_partial_branches": 3, "covered_branches": 5, "missing_branches": 3, "percent_branches_covered": 62.5, "percent_branches_covered_display": "62.50"}, "missing_lines": [11, 14, 18], "excluded_lines": [], "start_line": 4, "executed_branches": [[5, 6], [6, 7], [6, 9], [12, 13], [13, 16]], "missing_branches": [[5, 11], [12, 18], [13, 14]]}, "": {"executed_lines": [1, 4], "summary": {"covered_lines": 2, "num_statements": 2, "percent_covered": 100.0, "percent_covered_display": "100.00", "missing_lines": 0, "excluded_lines": 0, "percent_statements_covered": 100.0, "percent_statements_covered_display": "100.00", "num_branches": 0, "num_partial_branches": 0, "covered_branches": 0, "missing_branches": 0, "percent_branches_covered": 100.0, "percent_branches_covered_display": "100.00"}, "missing_lines": [], "excluded_lines": [], "start_line": 1, "executed_branches": [], "missing_branches": []}}, "classes": {"": {"executed_lines": [1, 4, 5, 6, 7, 9, 12, 13, 16, 19], "summary": {"covered_lines": 10, "num_statements": 13, "percent_covered": 71.42857142857143, "percent_covered_display": "71.43", "missing_lines": 3, "excluded_lines": 0, "percent_statements_covered": 76.92307692307692, "percent_statements_covered_display": "76.92", "num_branches": 8, "num_partial_branches": 3, "covered_branches": 5, "missing_branches": 3, "percent_branches_covered": 62.5, "percent_branches_covered_display": "62.50"}, "missing_lines": [11, 14, 18], "excluded_lines": [], "start_line": 1, "executed_branches": [[5, 6], [6, 7], [6, 9], [12, 13], [13, 16]], "missing_branches": [[5, 11], [12, 18], [13, 14]]}}}, "grplot/features/dt/dt_def.py": {"executed_lines": [1, 4, 5, 6, 7, 17], "summary": {"covered_lines": 6, "num_statements": 14, "percent_covered": 38.888888888888886, "percent_covered_display": "38.89", "missing_lines": 8, "excluded_lines": 0, "percent_statements_covered": 42.857142857142854, "percent_statements_covered_display": "42.86", "num_branches": 4, "num_partial_branches": 1, "covered_branches": 1, "missing_branches": 3, "percent_branches_covered": 25.0, "percent_branches_covered_display": "25.00"}, "missing_lines": [8, 9, 10, 11, 12, 13, 14, 16], "excluded_lines": [], "executed_branches": [[5, 6]], "missing_branches": [[5, 10], [10, 11], [10, 16]], "functions": {"dt_def": {"executed_lines": [5, 6, 7, 17], "summary": {"covered_lines": 4, "num_statements": 12, "percent_covered": 31.25, "percent_covered_display": "31.25", "missing_lines": 8, "excluded_lines": 0, "percent_statements_covered": 33.333333333333336, "percent_statements_covered_display": "33.33", "num_branches": 4, "num_partial_branches": 1, "covered_branches": 1, "missing_branches": 3, "percent_branches_covered": 25.0, "percent_branches_covered_display": "25.00"}, "missing_lines": [8, 9, 10, 11, 12, 13, 14, 16], "excluded_lines": [], "start_line": 4, "executed_branches": [[5, 6]], "missing_branches": [[5, 10], [10, 11], [10, 16]]}, "": {"executed_lines": [1, 4], "summary": {"covered_lines": 2, "num_statements": 2, "percent_covered": 100.0, "percent_covered_display": "100.00", "missing_lines": 0, "excluded_lines": 0, "percent_statements_covered": 100.0, "percent_statements_covered_display": "100.00", "num_branches": 0, "num_partial_branches": 0, "covered_branches": 0, "missing_branches": 0, "percent_branches_covered": 100.0, "percent_branches_covered_display": "100.00"}, "missing_lines": [], "excluded_lines": [], "start_line": 1, "executed_branches": [], "missing_branches": []}}, "classes": {"": {"executed_lines": [1, 4, 5, 6, 7, 17], "summary": {"covered_lines": 6, "num_statements": 14, "percent_covered": 38.888888888888886, "percent_covered_display": "38.89", "missing_lines": 8, "excluded_lines": 0, "percent_statements_covered": 42.857142857142854, "percent_statements_covered_display": "42.86", "num_branches": 4, "num_partial_branches": 1, "covered_branches": 1, "missing_branches": 3, "percent_branches_covered": 25.0, "percent_branches_covered_display": "25.00"}, "missing_lines": [8, 9, 10, 11, 12, 13, 14, 16], "excluded_lines": [], "start_line": 1, "executed_branches": [[5, 6]], "missing_branches": [[5, 10], [10, 11], [10, 16]]}}}, "grplot/features/dt/dt_type.py": {"executed_lines": [1, 2, 5, 6, 7, 8, 9, 10, 13], "summary": {"covered_lines": 9, "num_statements": 10, "percent_covered": 85.71428571428571, "percent_covered_display": "85.71", "missing_lines": 1, "excluded_lines": 0, "percent_statements_covered": 90.0, "percent_statements_covered_display": "90.00", "num_branches": 4, "num_partial_branches": 1, "covered_branches": 3, "missing_branches": 1, "percent_branches_covered": 75.0, "percent_branches_covered_display": "75.00"}, "missing_lines": [12], "excluded_lines": [], "executed_branches": [[7, 8], [7, 9], [9, 10]], "missing_branches": [[9, 12]], "functions": {"dt_type": {"executed_lines": [6, 7, 8, 9, 10, 13], "summary": {"covered_lines": 6, "num_statements": 7, "percent_covered": 81.81818181818181, "percent_covered_display": "81.82", "missing_lines": 1, "excluded_lines": 0, "percent_statements_covered": 85.71428571428571, "percent_statements_covered_display": "85.71", "num_branches": 4, "num_partial_branches": 1, "covered_branches": 3, "missing_branches": 1, "percent_branches_covered": 75.0, "percent_branches_covered_display": "75.00"}, "missing_lines": [12], "excluded_lines": [], "start_line": 5, "executed_branches": [[7, 8], [7, 9], [9, 10]], "missing_branches": [[9, 12]]}, "": {"executed_lines": [1, 2, 5], "summary": {"covered_lines": 3, "num_statements": 3, "percent_covered": 100.0, "percent_covered_display": "100.00", "missing_lines": 0, "excluded_lines": 0, "percent_statements_covered": 100.0, "percent_statements_covered_display": "100.00", "num_branches": 0, "num_partial_branches": 0, "covered_branches": 0, "missing_branches": 0, "percent_branches_covered": 100.0, "percent_branches_covered_display": "100.00"}, "missing_lines": [], "excluded_lines": [], "start_line": 1, "executed_branches": [], "missing_branches": []}}, "classes": {"": {"executed_lines": [1, 2, 5, 6, 7, 8, 9, 10, 13], "summary": {"covered_lines": 9, "num_statements": 10, "percent_covered": 85.71428571428571, "percent_covered_display": "85.71", "missing_lines": 1, "excluded_lines": 0, "percent_statements_covered": 90.0, "percent_statements_covered_display": "90.00", "num_branches": 4, "num_partial_branches": 1, "covered_branches": 3, "missing_branches": 1, "percent_branches_covered": 75.0, "percent_branches_covered_display": "75.00"}, "missing_lines": [12], "excluded_lines": [], "start_line": 1, "executed_branches": [[7, 8], [7, 9], [9, 10]], "missing_branches": [[9, 12]]}}}, "grplot/features/filter/__init__.py": {"executed_lines": [], "summary": {"covered_lines": 0, "num_statements": 0, "percent_covered": 100.0, "percent_covered_display": "100.00", "missing_lines": 0, "excluded_lines": 0, "percent_statements_covered": 100.0, "percent_statements_covered_display": "100.00", "num_branches": 0, "num_partial_branches": 0, "covered_branches": 0, "missing_branches": 0, "percent_branches_covered": 100.0, "percent_branches_covered_display": "100.00"}, "missing_lines": [], "excluded_lines": [], "executed_branches": [], "missing_branches": [], "functions": {"": {"executed_lines": [], "summary": {"covered_lines": 0, "num_statements": 0, "percent_covered": 100.0, "percent_covered_display": "100.00", "missing_lines": 0, "excluded_lines": 0, "percent_statements_covered": 100.0, "percent_statements_covered_display": "100.00", "num_branches": 0, "num_partial_branches": 0, "covered_branches": 0, "missing_branches": 0, "percent_branches_covered": 100.0, "percent_branches_covered_display": "100.00"}, "missing_lines": [], "excluded_lines": [], "start_line": 1, "executed_branches": [], "missing_branches": []}}, "classes": {"": {"executed_lines": [], "summary": {"covered_lines": 0, "num_statements": 0, "percent_covered": 100.0, "percent_covered_display": "100.00", "missing_lines": 0, "excluded_lines": 0, "percent_statements_covered": 100.0, "percent_statements_covered_display": "100.00", "num_branches": 0, "num_partial_branches": 0, "covered_branches": 0, "missing_branches": 0, "percent_branches_covered": 100.0, "percent_branches_covered_display": "100.00"}, "missing_lines": [], "excluded_lines": [], "start_line": 1, "executed_branches": [], "missing_branches": []}}}, "grplot/features/filter/check_filter.py": {"executed_lines": [1, 2, 4, 5, 7, 8], "summary": {"covered_lines": 6, "num_statements": 8, "percent_covered": 70.0, "percent_covered_display": "70.00", "missing_lines": 2, "excluded_lines": 0, "percent_statements_covered": 75.0, "percent_statements_covered_display": "75.00", "num_branches": 2, "num_partial_branches": 1, "covered_branches": 1, "missing_branches": 1, "percent_branches_covered": 50.0, "percent_branches_covered_display": "50.00"}, "missing_lines": [10, 11], "excluded_lines": [], "executed_branches": [[7, 8]], "missing_branches": [[7, 10]], "functions": {"check_filter": {"executed_lines": [5, 7, 8], "summary": {"covered_lines": 3, "num_statements": 5, "percent_covered": 57.142857142857146, "percent_covered_display": "57.14", "missing_lines": 2, "excluded_lines": 0, "percent_statements_covered": 60.0, "percent_statements_covered_display": "60.00", "num_branches": 2, "num_partial_branches": 1, "covered_branches": 1, "missing_branches": 1, "percent_branches_covered": 50.0, "percent_branches_covered_display": "50.00"}, "missing_lines": [10, 11], "excluded_lines": [], "start_line": 4, "executed_branches": [[7, 8]], "missing_branches": [[7, 10]]}, "": {"executed_lines": [1, 2, 4], "summary": {"covered_lines": 3, "num_statements": 3, "percent_covered": 100.0, "percent_covered_display": "100.00", "missing_lines": 0, "excluded_lines": 0, "percent_statements_covered": 100.0, "percent_statements_covered_display": "100.00", "num_branches": 0, "num_partial_branches": 0, "covered_branches": 0, "missing_branches": 0, "percent_branches_covered": 100.0, "percent_branches_covered_display": "100.00"}, "missing_lines": [], "excluded_lines": [], "start_line": 1, "executed_branches": [], "missing_branches": []}}, "classes": {"": {"executed_lines": [1, 2, 4, 5, 7, 8], "summary": {"covered_lines": 6, "num_statements": 8, "percent_covered": 70.0, "percent_covered_display": "70.00", "missing_lines": 2, "excluded_lines": 0, "percent_statements_covered": 75.0, "percent_statements_covered_display": "75.00", "num_branches": 2, "num_partial_branches": 1, "covered_branches": 1, "missing_branches": 1, "percent_branches_covered": 50.0, "percent_branches_covered_display": "50.00"}, "missing_lines": [10, 11], "excluded_lines": [], "start_line": 1, "executed_branches": [[7, 8]], "missing_branches": [[7, 10]]}}}, "grplot/features/filter/filter_def.py": {"executed_lines": [1, 2, 3, 6], "summary": {"covered_lines": 4, "num_statements": 19, "percent_covered": 16.0, "percent_covered_display": "16.00", "missing_lines": 15, "excluded_lines": 0, "percent_statements_covered": 21.05263157894737, "percent_statements_covered_display": "21.05", "num_branches": 6, "num_partial_branches": 0, "covered_branches": 0, "missing_branches": 6, "percent_branches_covered": 0.0, "percent_branches_covered_display": "0.00"}, "missing_lines": [8, 9, 10, 11, 12, 13, 14, 15, 16, 17, 18, 19, 21, 23, 24], "excluded_lines": [], "executed_branches": [], "missing_branches": [[9, 10], [9, 23], [10, 11], [10, 15], [15, 16], [15, 21]], "functions": {"filter_def": {"executed_lines": [], "summary": {"covered_lines": 0, "num_statements": 15, "percent_covered": 0.0, "percent_covered_display": "0.00", "missing_lines": 15, "excluded_lines": 0, "percent_statements_covered": 0.0, "percent_statements_covered_display": "0.00", "num_branches": 6, "num_partial_branches": 0, "covered_branches": 0, "missing_branches": 6, "percent_branches_covered": 0.0, "percent_branches_covered_display": "0.00"}, "missing_lines": [8, 9, 10, 11, 12, 13, 14, 15, 16, 17, 18, 19, 21, 23, 24], "excluded_lines": [], "start_line": 6, "executed_branches": [], "missing_branches": [[9, 10], [9, 23], [10, 11], [10, 15], [15, 16], [15, 21]]}, "": {"executed_lines": [1, 2, 3, 6], "summary": {"covered_lines": 4, "num_statements": 4, "percent_covered": 100.0, "percent_covered_display": "100.00", "missing_lines": 0, "excluded_lines": 0, "percent_statements_covered": 100.0, "percent_statements_covered_display": "100.00", "num_branches": 0, "num_partial_branches": 0, "covered_branches": 0, "missing_branches": 0, "percent_branches_covered": 100.0, "percent_branches_covered_display": "100.00"}, "missing_lines": [], "excluded_lines": [], "start_line": 1, "executed_branches": [], "missing_branches": []}}, "classes": {"": {"executed_lines": [1, 2, 3, 6], "summary": {"covered_lines": 4, "num_statements": 19, "percent_covered": 16.0, "percent_covered_display": "16.00", "missing_lines": 15, "excluded_lines": 0, "percent_statements_covered": 21.05263157894737, "percent_statements_covered_display": "21.05", "num_branches": 6, "num_partial_branches": 0, "covered_branches": 0, "missing_branches": 6, "percent_branches_covered": 0.0, "percent_branches_covered_display": "0.00"}, "missing_lines": [8, 9, 10, 11, 12, 13, 14, 15, 16, 17, 18, 19, 21, 23, 24], "excluded_lines": [], "start_line": 1, "executed_branches": [], "missing_branches": [[9, 10], [9, 23], [10, 11], [10, 15], [15, 16], [15, 21]]}}}, "grplot/features/font/__init__.py": {"executed_lines": [], "summary": {"covered_lines": 0, "num_statements": 0, "percent_covered": 100.0, "percent_covered_display": "100.00", "missing_lines": 0, "excluded_lines": 0, "percent_statements_covered": 100.0, "percent_statements_covered_display": "100.00", "num_branches": 0, "num_partial_branches": 0, "covered_branches": 0, "missing_branches": 0, "percent_branches_covered": 100.0, "percent_branches_covered_display": "100.00"}, "missing_lines": [], "excluded_lines": [], "executed_branches": [], "missing_branches": [], "functions": {"": {"executed_lines": [], "summary": {"covered_lines": 0, "num_statements": 0, "percent_covered": 100.0, "percent_covered_display": "100.00", "missing_lines": 0, "excluded_lines": 0, "percent_statements_covered": 100.0, "percent_statements_covered_display": "100.00", "num_branches": 0, "num_partial_branches": 0, "covered_branches": 0, "missing_branches": 0, "percent_branches_covered": 100.0, "percent_branches_covered_display": "100.00"}, "missing_lines": [], "excluded_lines": [], "start_line": 1, "executed_branches": [], "missing_branches": []}}, "classes": {"": {"executed_lines": [], "summary": {"covered_lines": 0, "num_statements": 0, "percent_covered": 100.0, "percent_covered_display": "100.00", "missing_lines": 0, "excluded_lines": 0, "percent_statements_covered": 100.0, "percent_statements_covered_display": "100.00", "num_branches": 0, "num_partial_branches": 0, "covered_branches": 0, "missing_branches": 0, "percent_branches_covered": 100.0, "percent_branches_covered_display": "100.00"}, "missing_lines": [], "excluded_lines": [], "start_line": 1, "executed_branches": [], "missing_branches": []}}}, "grplot/features/font/check_fontsize.py": {"executed_lines": [1, 4, 5, 6, 7, 8, 9, 11, 12, 14, 15, 16, 18, 19, 20, 22, 23, 24, 26, 27, 28, 30, 31], "summary": {"covered_lines": 23, "num_statements": 23, "percent_covered": 100.0, "percent_covered_display": "100.00", "missing_lines": 0, "excluded_lines": 0, "percent_statements_covered": 100.0, "percent_statements_covered_display": "100.00", "num_branches": 10, "num_partial_branches": 0, "covered_branches": 10, "missing_branches": 0, "percent_branches_covered": 100.0, "percent_branches_covered_display": "100.00"}, "missing_lines": [], "excluded_lines": [], "executed_branches": [[11, 12], [11, 14], [15, 16], [15, 18], [19, 20], [19, 22], [23, 24], [23, 26], [27, 28], [27, 30]], "missing_branches": [], "functions": {"check_fontsize": {"executed_lines": [5, 6, 7, 8, 9, 11, 12, 14, 15, 16, 18, 19, 20, 22, 23, 24, 26, 27, 28, 30, 31], "summary": {"covered_lines": 21, "num_statements": 21, "percent_covered": 100.0, "percent_covered_display": "100.00", "missing_lines": 0, "excluded_lines": 0, "percent_statements_covered": 100.0, "percent_statements_covered_display": "100.00", "num_branches": 10, "num_partial_branches": 0, "covered_branches": 10, "missing_branches": 0, "percent_branches_covered": 100.0, "percent_branches_covered_display": "100.00"}, "missing_lines": [], "excluded_lines": [], "start_line": 4, "executed_branches": [[11, 12], [11, 14], [15, 16], [15, 18], [19, 20], [19, 22], [23, 24], [23, 26], [27, 28], [27, 30]], "missing_branches": []}, "": {"executed_lines": [1, 4], "summary": {"covered_lines": 2, "num_statements": 2, "percent_covered": 100.0, "percent_covered_display": "100.00", "missing_lines": 0, "excluded_lines": 0, "percent_statements_covered": 100.0, "percent_statements_covered_display": "100.00", "num_branches": 0, "num_partial_branches": 0, "covered_branches": 0, "missing_branches": 0, "percent_branches_covered": 100.0, "percent_branches_covered_display": "100.00"}, "missing_lines": [], "excluded_lines": [], "start_line": 1, "executed_branches": [], "missing_branches": []}}, "classes": {"": {"executed_lines": [1, 4, 5, 6, 7, 8, 9, 11, 12, 14, 15, 16, 18, 19, 20, 22, 23, 24, 26, 27, 28, 30, 31], "summary": {"covered_lines": 23, "num_statements": 23, "percent_covered": 100.0, "percent_covered_display": "100.00", "missing_lines": 0, "excluded_lines": 0, "percent_statements_covered": 100.0, "percent_statements_covered_display": "100.00", "num_branches": 10, "num_partial_branches": 0, "covered_branches": 10, "missing_branches": 0, "percent_branches_covered": 100.0, "percent_branches_covered_display": "100.00"}, "missing_lines": [], "excluded_lines": [], "start_line": 1, "executed_branches": [[11, 12], [11, 14], [15, 16], [15, 18], [19, 20], [19, 22], [23, 24], [23, 26], [27, 28], [27, 30]], "missing_branches": []}}}, "grplot/features/font/font_def.py": {"executed_lines": [1, 2, 5, 7, 8, 9, 12, 26, 30, 31, 32, 33, 36, 50, 53], "summary": {"covered_lines": 15, "num_statements": 43, "percent_covered": 32.20338983050848, "percent_covered_display": "32.20", "missing_lines": 28, "excluded_lines": 0, "percent_statements_covered": 34.883720930232556, "percent_statements_covered_display": "34.88", "num_branches": 16, "num_partial_branches": 4, "covered_branches": 4, "missing_branches": 12, "percent_branches_covered": 25.0, "percent_branches_covered_display": "25.00"}, "missing_lines": [10, 11, 13, 14, 15, 16, 17, 18, 19, 20, 21, 22, 24, 28, 34, 35, 37, 38, 39, 40, 41, 42, 43, 44, 45, 46, 48, 52], "excluded_lines": [], "executed_branches": [[7, 8], [12, 26], [30, 31], [36, 50]], "missing_branches": [[7, 28], [12, 13], [13, 14], [13, 18], [18, 19], [18, 24], [30, 52], [36, 37], [37, 38], [37, 42], [42, 43], [42, 48]], "functions": {"font_def": {"executed_lines": [7, 8, 9, 12, 26, 30, 31, 32, 33, 36, 50, 53], "summary": {"covered_lines": 12, "num_statements": 40, "percent_covered": 28.571428571428573, "percent_covered_display": "28.57", "missing_lines": 28, "excluded_lines": 0, "percent_statements_covered": 30.0, "percent_statements_covered_display": "30.00", "num_branches": 16, "num_partial_branches": 4, "covered_branches": 4, "missing_branches": 12, "percent_branches_covered": 25.0, "percent_branches_covered_display": "25.00"}, "missing_lines": [10, 11, 13, 14, 15, 16, 17, 18, 19, 20, 21, 22, 24, 28, 34, 35, 37, 38, 39, 40, 41, 42, 43, 44, 45, 46, 48, 52], "excluded_lines": [], "start_line": 5, "executed_branches": [[7, 8], [12, 26], [30, 31], [36, 50]], "missing_branches": [[7, 28], [12, 13], [13, 14], [13, 18], [18, 19], [18, 24], [30, 52], [36, 37], [37, 38], [37, 42], [42, 43], [42, 48]]}, "": {"executed_lines": [1, 2, 5], "summary": {"covered_lines": 3, "num_statements": 3, "percent_covered": 100.0, "percent_covered_display": "100.00", "missing_lines": 0, "excluded_lines": 0, "percent_statements_covered": 100.0, "percent_statements_covered_display": "100.00", "num_branches": 0, "num_partial_branches": 0, "covered_branches": 0, "missing_branches": 0, "percent_branches_covered": 100.0, "percent_branches_covered_display": "100.00"}, "missing_lines": [], "excluded_lines": [], "start_line": 1, "executed_branches": [], "missing_branches": []}}, "classes": {"": {"executed_lines": [1, 2, 5, 7, 8, 9, 12, 26, 30, 31, 32, 33, 36, 50, 53], "summary": {"covered_lines": 15, "num_statements": 43, "percent_covered": 32.20338983050848, "percent_covered_display": "32.20", "missing_lines": 28, "excluded_lines": 0, "percent_statements_covered": 34.883720930232556, "percent_statements_covered_display": "34.88", "num_branches": 16, "num_partial_branches": 4, "covered_branches": 4, "missing_branches": 12, "percent_branches_covered": 25.0, "percent_branches_covered_display": "25.00"}, "missing_lines": [10, 11, 13, 14, 15, 16, 17, 18, 19, 20, 21, 22, 24, 28, 34, 35, 37, 38, 39, 40, 41, 42, 43, 44, 45, 46, 48, 52], "excluded_lines": [], "start_line": 1, "executed_branches": [[7, 8], [12, 26], [30, 31], [36, 50]], "missing_branches": [[7, 28], [12, 13], [13, 14], [13, 18], [18, 19], [18, 24], [30, 52], [36, 37], [37, 38], [37, 42], [42, 43], [42, 48]]}}}, "grplot/features/label/__init__.py": {"executed_lines": [], "summary": {"covered_lines": 0, "num_statements": 0, "percent_covered": 100.0, "percent_covered_display": "100.00", "missing_lines": 0, "excluded_lines": 0, "percent_statements_covered": 100.0, "percent_statements_covered_display": "100.00", "num_branches": 0, "num_partial_branches": 0, "covered_branches": 0, "missing_branches": 0, "percent_branches_covered": 100.0, "percent_branches_covered_display": "100.00"}, "missing_lines": [], "excluded_lines": [], "executed_branches": [], "missing_branches": [], "functions": {"": {"executed_lines": [], "summary": {"covered_lines": 0, "num_statements": 0, "percent_covered": 100.0, "percent_covered_display": "100.00", "missing_lines": 0, "excluded_lines": 0, "percent_statements_covered": 100.0, "percent_statements_covered_display": "100.00", "num_branches": 0, "num_partial_branches": 0, "covered_branches": 0, "missing_branches": 0, "percent_branches_covered": 100.0, "percent_branches_covered_display": "100.00"}, "missing_lines": [], "excluded_lines": [], "start_line": 1, "executed_branches": [], "missing_branches": []}}, "classes": {"": {"executed_lines": [], "summary": {"covered_lines": 0, "num_statements": 0, "percent_covered": 100.0, "percent_covered_display": "100.00", "missing_lines": 0, "excluded_lines": 0, "percent_statements_covered": 100.0, "percent_statements_covered_display": "100.00", "num_branches": 0, "num_partial_branches": 0, "covered_branches": 0, "missing_branches": 0, "percent_branches_covered": 100.0, "percent_branches_covered_display": "100.00"}, "missing_lines": [], "excluded_lines": [], "start_line": 1, "executed_branches": [], "missing_branches": []}}}, "grplot/features/label/check_label.py": {"executed_lines": [1, 4, 5, 6, 8, 9, 10, 12, 13], "summary": {"covered_lines": 9, "num_statements": 9, "percent_covered": 100.0, "percent_covered_display": "100.00", "missing_lines": 0, "excluded_lines": 0, "percent_statements_covered": 100.0, "percent_statements_covered_display": "100.00", "num_branches": 4, "num_partial_branches": 0, "covered_branches": 4, "missing_branches": 0, "percent_branches_covered": 100.0, "percent_branches_covered_display": "100.00"}, "missing_lines": [], "excluded_lines": [], "executed_branches": [[5, 6], [5, 8], [9, 10], [9, 12]], "missing_branches": [], "functions": {"check_label": {"executed_lines": [5, 6, 8, 9, 10, 12, 13], "summary": {"covered_lines": 7, "num_statements": 7, "percent_covered": 100.0, "percent_covered_display": "100.00", "missing_lines": 0, "excluded_lines": 0, "percent_statements_covered": 100.0, "percent_statements_covered_display": "100.00", "num_branches": 4, "num_partial_branches": 0, "covered_branches": 4, "missing_branches": 0, "percent_branches_covered": 100.0, "percent_branches_covered_display": "100.00"}, "missing_lines": [], "excluded_lines": [], "start_line": 4, "executed_branches": [[5, 6], [5, 8], [9, 10], [9, 12]], "missing_branches": []}, "": {"executed_lines": [1, 4], "summary": {"covered_lines": 2, "num_statements": 2, "percent_covered": 100.0, "percent_covered_display": "100.00", "missing_lines": 0, "excluded_lines": 0, "percent_statements_covered": 100.0, "percent_statements_covered_display": "100.00", "num_branches": 0, "num_partial_branches": 0, "covered_branches": 0, "missing_branches": 0, "percent_branches_covered": 100.0, "percent_branches_covered_display": "100.00"}, "missing_lines": [], "excluded_lines": [], "start_line": 1, "executed_branches": [], "missing_branches": []}}, "classes": {"": {"executed_lines": [1, 4, 5, 6, 8, 9, 10, 12, 13], "summary": {"covered_lines": 9, "num_statements": 9, "percent_covered": 100.0, "percent_covered_display": "100.00", "missing_lines": 0, "excluded_lines": 0, "percent_statements_covered": 100.0, "percent_statements_covered_display": "100.00", "num_branches": 4, "num_partial_branches": 0, "covered_branches": 4, "missing_branches": 0, "percent_branches_covered": 100.0, "percent_branches_covered_display": "100.00"}, "missing_lines": [], "excluded_lines": [], "start_line": 1, "executed_branches": [[5, 6], [5, 8], [9, 10], [9, 12]], "missing_branches": []}}}, "grplot/features/label/label_def.py": {"executed_lines": [1, 2, 3, 4, 5, 8], "summary": {"covered_lines": 6, "num_statements": 7, "percent_covered": 81.81818181818181, "percent_covered_display": "81.82", "missing_lines": 1, "excluded_lines": 0, "percent_statements_covered": 85.71428571428571, "percent_statements_covered_display": "85.71", "num_branches": 4, "num_partial_branches": 1, "covered_branches": 3, "missing_branches": 1, "percent_branches_covered": 75.0, "percent_branches_covered_display": "75.00"}, "missing_lines": [7], "excluded_lines": [], "executed_branches": [[2, 3], [2, 4], [4, 5]], "missing_branches": [[4, 7]], "functions": {"label_def": {"executed_lines": [2, 3, 4, 5, 8], "summary": {"covered_lines": 5, "num_statements": 6, "percent_covered": 80.0, "percent_covered_display": "80.00", "missing_lines": 1, "excluded_lines": 0, "percent_statements_covered": 83.33333333333333, "percent_statements_covered_display": "83.33", "num_branches": 4, "num_partial_branches": 1, "covered_branches": 3, "missing_branches": 1, "percent_branches_covered": 75.0, "percent_branches_covered_display": "75.00"}, "missing_lines": [7], "excluded_lines": [], "start_line": 1, "executed_branches": [[2, 3], [2, 4], [4, 5]], "missing_branches": [[4, 7]]}, "": {"executed_lines": [1], "summary": {"covered_lines": 1, "num_statements": 1, "percent_covered": 100.0, "percent_covered_display": "100.00", "missing_lines": 0, "excluded_lines": 0, "percent_statements_covered": 100.0, "percent_statements_covered_display": "100.00", "num_branches": 0, "num_partial_branches": 0, "covered_branches": 0, "missing_branches": 0, "percent_branches_covered": 100.0, "percent_branches_covered_display": "100.00"}, "missing_lines": [], "excluded_lines": [], "start_line": 1, "executed_branches": [], "missing_branches": []}}, "classes": {"": {"executed_lines": [1, 2, 3, 4, 5, 8], "summary": {"covered_lines": 6, "num_statements": 7, "percent_covered": 81.81818181818181, "percent_covered_display": "81.82", "missing_lines": 1, "excluded_lines": 0, "percent_statements_covered": 85.71428571428571, "percent_statements_covered_display": "85.71", "num_branches": 4, "num_partial_branches": 1, "covered_branches": 3, "missing_branches": 1, "percent_branches_covered": 75.0, "percent_branches_covered_display": "75.00"}, "missing_lines": [7], "excluded_lines": [], "start_line": 1, "executed_branches": [[2, 3], [2, 4], [4, 5]], "missing_branches": [[4, 7]]}}}, "grplot/features/label/label_type.py": {"executed_lines": [1, 2, 5, 6, 7, 9, 10, 13], "summary": {"covered_lines": 8, "num_statements": 10, "percent_covered": 71.42857142857143, "percent_covered_display"
[...]
": 1, "missing_branches": 43, "percent_branches_covered": 2.272727272727273, "percent_branches_covered_display": "2.27"}, "missing_lines": [5, 6, 7, 9, 11, 12, 13, 14, 15, 17, 18, 19, 21, 23, 24, 26, 27, 28, 29, 31, 33, 35, 36, 37, 38, 40, 42, 44, 47, 49, 50, 52, 53, 54, 55, 57, 59, 61, 62, 63, 64, 66, 68, 70], "excluded_lines": [], "start_line": 1, "executed_branches": [[3, 73]], "missing_branches": [[3, 5], [5, 6], [5, 11], [6, 7], [6, 9], [12, 13], [12, 49], [13, 14], [13, 15], [15, 17], [15, 47], [17, 18], [17, 23], [18, 19], [18, 21], [24, 26], [24, 50], [26, 27], [26, 35], [27, 28], [27, 33], [28, 29], [28, 31], [35, 36], [35, 44], [36, 37], [36, 42], [37, 38], [37, 40], [50, 52], [50, 74], [52, 53], [52, 61], [53, 54], [53, 59], [54, 55], [54, 57], [61, 62], [61, 70], [62, 63], [62, 68], [63, 64], [63, 66]]}}}, "grplot/utils/check_axes.py": {"executed_lines": [1, 2, 5, 7, 8, 9, 11, 13, 15, 16, 17, 19, 21, 23, 24, 25, 26, 27, 28, 29, 30, 31], "summary": {"covered_lines": 22, "num_statements": 22, "percent_covered": 97.22222222222223, "percent_covered_display": "97.22", "missing_lines": 0, "excluded_lines": 0, "percent_statements_covered": 100.0, "percent_statements_covered_display": "100.00", "num_branches": 14, "num_partial_branches": 1, "covered_branches": 13, "missing_branches": 1, "percent_branches_covered": 92.85714285714286, "percent_branches_covered_display": "92.86"}, "missing_lines": [], "excluded_lines": [], "executed_branches": [[7, 8], [7, 13], [8, 9], [8, 11], [15, 16], [15, 21], [16, 17], [16, 19], [23, 24], [23, 31], [25, 26], [25, 28], [28, 29]], "missing_branches": [[28, 31]], "functions": {"check_axes": {"executed_lines": [7, 8, 9, 11, 13, 15, 16, 17, 19, 21, 23, 24, 25, 26, 27, 28, 29, 30, 31], "summary": {"covered_lines": 19, "num_statements": 19, "percent_covered": 96.96969696969697, "percent_covered_display": "96.97", "missing_lines": 0, "excluded_lines": 0, "percent_statements_covered": 100.0, "percent_statements_covered_display": "100.00", "num_branches": 14, "num_partial_branches": 1, "covered_branches": 13, "missing_branches": 1, "percent_branches_covered": 92.85714285714286, "percent_branches_covered_display": "92.86"}, "missing_lines": [], "excluded_lines": [], "start_line": 5, "executed_branches": [[7, 8], [7, 13], [8, 9], [8, 11], [15, 16], [15, 21], [16, 17], [16, 19], [23, 24], [23, 31], [25, 26], [25, 28], [28, 29]], "missing_branches": [[28, 31]]}, "": {"executed_lines": [1, 2, 5], "summary": {"covered_lines": 3, "num_statements": 3, "percent_covered": 100.0, "percent_covered_display": "100.00", "missing_lines": 0, "excluded_lines": 0, "percent_statements_covered": 100.0, "percent_statements_covered_display": "100.00", "num_branches": 0, "num_partial_branches": 0, "covered_branches": 0, "missing_branches": 0, "percent_branches_covered": 100.0, "percent_branches_covered_display": "100.00"}, "missing_lines": [], "excluded_lines": [], "start_line": 1, "executed_branches": [], "missing_branches": []}}, "classes": {"": {"executed_lines": [1, 2, 5, 7, 8, 9, 11, 13, 15, 16, 17, 19, 21, 23, 24, 25, 26, 27, 28, 29, 30, 31], "summary": {"covered_lines": 22, "num_statements": 22, "percent_covered": 97.22222222222223, "percent_covered_display": "97.22", "missing_lines": 0, "excluded_lines": 0, "percent_statements_covered": 100.0, "percent_statements_covered_display": "100.00", "num_branches": 14, "num_partial_branches": 1, "covered_branches": 13, "missing_branches": 1, "percent_branches_covered": 92.85714285714286, "percent_branches_covered_display": "92.86"}, "missing_lines": [], "excluded_lines": [], "start_line": 1, "executed_branches": [[7, 8], [7, 13], [8, 9], [8, 11], [15, 16], [15, 21], [16, 17], [16, 19], [23, 24], [23, 31], [25, 26], [25, 28], [28, 29]], "missing_branches": [[28, 31]]}}}, "grplot/utils/check_data_structure.py": {"executed_lines": [1, 2, 4, 5, 12, 13, 16], "summary": {"covered_lines": 7, "num_statements": 13, "percent_covered": 42.857142857142854, "percent_covered_display": "42.86", "missing_lines": 6, "excluded_lines": 0, "percent_statements_covered": 53.84615384615385, "percent_statements_covered_display": "53.85", "num_branches": 8, "num_partial_branches": 2, "covered_branches": 2, "missing_branches": 6, "percent_branches_covered": 25.0, "percent_branches_covered_display": "25.00"}, "missing_lines": [6, 7, 8, 9, 11, 15], "excluded_lines": [], "executed_branches": [[5, 12], [12, 13]], "missing_branches": [[5, 6], [6, 7], [6, 8], [8, 9], [8, 11], [12, 15]], "functions": {"check_data_structure": {"executed_lines": [5, 12, 13, 16], "summary": {"covered_lines": 4, "num_statements": 10, "percent_covered": 33.333333333333336, "percent_covered_display": "33.33", "missing_lines": 6, "excluded_lines": 0, "percent_statements_covered": 40.0, "percent_statements_covered_display": "40.00", "num_branches": 8, "num_partial_branches": 2, "covered_branches": 2, "missing_branches": 6, "percent_branches_covered": 25.0, "percent_branches_covered_display": "25.00"}, "missing_lines": [6, 7, 8, 9, 11, 15], "excluded_lines": [], "start_line": 4, "executed_branches": [[5, 12], [12, 13]], "missing_branches": [[5, 6], [6, 7], [6, 8], [8, 9], [8, 11], [12, 15]]}, "": {"executed_lines": [1, 2, 4], "summary": {"covered_lines": 3, "num_statements": 3, "percent_covered": 100.0, "percent_covered_display": "100.00", "missing_lines": 0, "excluded_lines": 0, "percent_statements_covered": 100.0, "percent_statements_covered_display": "100.00", "num_branches": 0, "num_partial_branches": 0, "covered_branches": 0, "missing_branches": 0, "percent_branches_covered": 100.0, "percent_branches_covered_display": "100.00"}, "missing_lines": [], "excluded_lines": [], "start_line": 1, "executed_branches": [], "missing_branches": []}}, "classes": {"": {"executed_lines": [1, 2, 4, 5, 12, 13, 16], "summary": {"covered_lines": 7, "num_statements": 13, "percent_covered": 42.857142857142854, "percent_covered_display": "42.86", "missing_lines": 6, "excluded_lines": 0, "percent_statements_covered": 53.84615384615385, "percent_statements_covered_display": "53.85", "num_branches": 8, "num_partial_branches": 2, "covered_branches": 2, "missing_branches": 6, "percent_branches_covered": 25.0, "percent_branches_covered_display": "25.00"}, "missing_lines": [6, 7, 8, 9, 11, 15], "excluded_lines": [], "start_line": 1, "executed_branches": [[5, 12], [12, 13]], "missing_branches": [[5, 6], [6, 7], [6, 8], [8, 9], [8, 11], [12, 15]]}}}, "grplot/utils/check_pandas_index.py": {"executed_lines": [1, 2, 5, 6, 9, 10, 13, 14], "summary": {"covered_lines": 8, "num_statements": 10, "percent_covered": 71.42857142857143, "percent_covered_display": "71.43", "missing_lines": 2, "excluded_lines": 0, "percent_statements_covered": 80.0, "percent_statements_covered_display": "80.00", "num_branches": 4, "num_partial_branches": 2, "covered_branches": 2, "missing_branches": 2, "percent_branches_covered": 50.0, "percent_branches_covered_display": "50.00"}, "missing_lines": [7, 11], "excluded_lines": [], "executed_branches": [[6, 9], [10, 13]], "missing_branches": [[6, 7], [10, 11]], "functions": {"check_pandas_index": {"executed_lines": [6, 9, 10, 13, 14], "summary": {"covered_lines": 5, "num_statements": 7, "percent_covered": 63.63636363636363, "percent_covered_display": "63.64", "missing_lines": 2, "excluded_lines": 0, "percent_statements_covered": 71.42857142857143, "percent_statements_covered_display": "71.43", "num_branches": 4, "num_partial_branches": 2, "covered_branches": 2, "missing_branches": 2, "percent_branches_covered": 50.0, "percent_branches_covered_display": "50.00"}, "missing_lines": [7, 11], "excluded_lines": [], "start_line": 5, "executed_branches": [[6, 9], [10, 13]], "missing_branches": [[6, 7], [10, 11]]}, "": {"executed_lines": [1, 2, 5], "summary": {"covered_lines": 3, "num_statements": 3, "percent_covered": 100.0, "percent_covered_display": "100.00", "missing_lines": 0, "excluded_lines": 0, "percent_statements_covered": 100.0, "percent_statements_covered_display": "100.00", "num_branches": 0, "num_partial_branches": 0, "covered_branches": 0, "missing_branches": 0, "percent_branches_covered": 100.0, "percent_branches_covered_display": "100.00"}, "missing_lines": [], "excluded_lines": [], "start_line": 1, "executed_branches": [], "missing_branches": []}}, "classes": {"": {"executed_lines": [1, 2, 5, 6, 9, 10, 13, 14], "summary": {"covered_lines": 8, "num_statements": 10, "percent_covered": 71.42857142857143, "percent_covered_display": "71.43", "missing_lines": 2, "excluded_lines": 0, "percent_statements_covered": 80.0, "percent_statements_covered_display": "80.00", "num_branches": 4, "num_partial_branches": 2, "covered_branches": 2, "missing_branches": 2, "percent_branches_covered": 50.0, "percent_branches_covered_display": "50.00"}, "missing_lines": [7, 11], "excluded_lines": [], "start_line": 1, "executed_branches": [[6, 9], [10, 13]], "missing_branches": [[6, 7], [10, 11]]}}}, "grplot/utils/first_valid_index.py": {"executed_lines": [1, 2, 5, 6, 7, 8, 9, 10, 11, 12, 15], "summary": {"covered_lines": 11, "num_statements": 12, "percent_covered": 87.5, "percent_covered_display": "87.50", "missing_lines": 1, "excluded_lines": 0, "percent_statements_covered": 91.66666666666667, "percent_statements_covered_display": "91.67", "num_branches": 4, "num_partial_branches": 1, "covered_branches": 3, "missing_branches": 1, "percent_branches_covered": 75.0, "percent_branches_covered_display": "75.00"}, "missing_lines": [14], "excluded_lines": [], "executed_branches": [[6, 7], [6, 11], [11, 12]], "missing_branches": [[11, 14]], "functions": {"first_valid_index": {"executed_lines": [6, 7, 8, 9, 10, 11, 12, 15], "summary": {"covered_lines": 8, "num_statements": 9, "percent_covered": 84.61538461538461, "percent_covered_display": "84.62", "missing_lines": 1, "excluded_lines": 0, "percent_statements_covered": 88.88888888888889, "percent_statements_covered_display": "88.89", "num_branches": 4, "num_partial_branches": 1, "covered_branches": 3, "missing_branches": 1, "percent_branches_covered": 75.0, "percent_branches_covered_display": "75.00"}, "missing_lines": [14], "excluded_lines": [], "start_line": 5, "executed_branches": [[6, 7], [6, 11], [11, 12]], "missing_branches": [[11, 14]]}, "": {"executed_lines": [1, 2, 5], "summary": {"covered_lines": 3, "num_statements": 3, "percent_covered": 100.0, "percent_covered_display": "100.00", "missing_lines": 0, "excluded_lines": 0, "percent_statements_covered": 100.0, "percent_statements_covered_display": "100.00", "num_branches": 0, "num_partial_branches": 0, "covered_branches": 0, "missing_branches": 0, "percent_branches_covered": 100.0, "percent_branches_covered_display": "100.00"}, "missing_lines": [], "excluded_lines": [], "start_line": 1, "executed_branches": [], "missing_branches": []}}, "classes": {"": {"executed_lines": [1, 2, 5, 6, 7, 8, 9, 10, 11, 12, 15], "summary": {"covered_lines": 11, "num_statements": 12, "percent_covered": 87.5, "percent_covered_display": "87.50", "missing_lines": 1, "excluded_lines": 0, "percent_statements_covered": 91.66666666666667, "percent_statements_covered_display": "91.67", "num_branches": 4, "num_partial_branches": 1, "covered_branches": 3, "missing_branches": 1, "percent_branches_covered": 75.0, "percent_branches_covered_display": "75.00"}, "missing_lines": [14], "excluded_lines": [], "start_line": 1, "executed_branches": [[6, 7], [6, 11], [11, 12]], "missing_branches": [[11, 14]]}}}, "grplot/utils/scientific_superscript.py": {"executed_lines": [1, 2, 3, 4, 5, 7, 8, 11, 12, 15, 16, 17], "summary": {"covered_lines": 12, "num_statements": 14, "percent_covered": 80.0, "percent_covered_display": "80.00", "missing_lines": 2, "excluded_lines": 0, "percent_statements_covered": 85.71428571428571, "percent_statements_covered_display": "85.71", "num_branches": 6, "num_partial_branches": 2, "covered_branches": 4, "missing_branches": 2, "percent_branches_covered": 66.66666666666667, "percent_branches_covered_display": "66.67"}, "missing_lines": [9, 13], "excluded_lines": [], "executed_branches": [[4, 5], [4, 7], [8, 11], [12, 15]], "missing_branches": [[8, 9], [12, 13]], "functions": {"scientific_superscript": {"executed_lines": [2, 3, 4, 5, 7, 8, 11, 12, 15, 16, 17], "summary": {"covered_lines": 11, "num_statements": 13, "percent_covered": 78.94736842105263, "percent_covered_display": "78.95", "missing_lines": 2, "excluded_lines": 0, "percent_statements_covered": 84.61538461538461, "percent_statements_covered_display": "84.62", "num_branches": 6, "num_partial_branches": 2, "covered_branches": 4, "missing_branches": 2, "percent_branches_covered": 66.66666666666667, "percent_branches_covered_display": "66.67"}, "missing_lines": [9, 13], "excluded_lines": [], "start_line": 1, "executed_branches": [[4, 5], [4, 7], [8, 11], [12, 15]], "missing_branches": [[8, 9], [12, 13]]}, "": {"executed_lines": [1], "summary": {"covered_lines": 1, "num_statements": 1, "percent_covered": 100.0, "percent_covered_display": "100.00", "missing_lines": 0, "excluded_lines": 0, "percent_statements_covered": 100.0, "percent_statements_covered_display": "100.00", "num_branches": 0, "num_partial_branches": 0, "covered_branches": 0, "missing_branches": 0, "percent_branches_covered": 100.0, "percent_branches_covered_display": "100.00"}, "missing_lines": [], "excluded_lines": [], "start_line": 1, "executed_branches": [], "missing_branches": []}}, "classes": {"": {"executed_lines": [1, 2, 3, 4, 5, 7, 8, 11, 12, 15, 16, 17], "summary": {"covered_lines": 12, "num_statements": 14, "percent_covered": 80.0, "percent_covered_display": "80.00", "missing_lines": 2, "excluded_lines": 0, "percent_statements_covered": 85.71428571428571, "percent_statements_covered_display": "85.71", "num_branches": 6, "num_partial_branches": 2, "covered_branches": 4, "missing_branches": 2, "percent_branches_covered": 66.66666666666667, "percent_branches_covered_display": "66.67"}, "missing_lines": [9, 13], "excluded_lines": [], "start_line": 1, "executed_branches": [[4, 5], [4, 7], [8, 11], [12, 15]], "missing_branches": [[8, 9], [12, 13]]}}}, "grplot/utils/strtoarray.py": {"executed_lines": [1, 4, 5, 6, 7, 8, 10, 11], "summary": {"covered_lines": 8, "num_statements": 8, "percent_covered": 100.0, "percent_covered_display": "100.00", "missing_lines": 0, "excluded_lines": 0, "percent_statements_covered": 100.0, "percent_statements_covered_display": "100.00", "num_branches": 4, "num_partial_branches": 0, "covered_branches": 4, "missing_branches": 0, "percent_branches_covered": 100.0, "percent_branches_covered_display": "100.00"}, "missing_lines": [], "excluded_lines": [], "executed_branches": [[5, 6], [5, 7], [7, 8], [7, 10]], "missing_branches": [], "functions": {"strtoarray": {"executed_lines": [5, 6, 7, 8, 10, 11], "summary": {"covered_lines": 6, "num_statements": 6, "percent_covered": 100.0, "percent_covered_display": "100.00", "missing_lines": 0, "excluded_lines": 0, "percent_statements_covered": 100.0, "percent_statements_covered_display": "100.00", "num_branches": 4, "num_partial_branches": 0, "covered_branches": 4, "missing_branches": 0, "percent_branches_covered": 100.0, "percent_branches_covered_display": "100.00"}, "missing_lines": [], "excluded_lines": [], "start_line": 4, "executed_branches": [[5, 6], [5, 7], [7, 8], [7, 10]], "missing_branches": []}, "": {"executed_lines": [1, 4], "summary": {"covered_lines": 2, "num_statements": 2, "percent_covered": 100.0, "percent_covered_display": "100.00", "missing_lines": 0, "excluded_lines": 0, "percent_statements_covered": 100.0, "percent_statements_covered_display": "100.00", "num_branches": 0, "num_partial_branches": 0, "covered_branches": 0, "missing_branches": 0, "percent_branches_covered": 100.0, "percent_branches_covered_display": "100.00"}, "missing_lines": [], "excluded_lines": [], "start_line": 1, "executed_branches": [], "missing_branches": []}}, "classes": {"": {"executed_lines": [1, 4, 5, 6, 7, 8, 10, 11], "summary": {"covered_lines": 8, "num_statements": 8, "percent_covered": 100.0, "percent_covered_display": "100.00", "missing_lines": 0, "excluded_lines": 0, "percent_statements_covered": 100.0, "percent_statements_covered_display": "100.00", "num_branches": 4, "num_partial_branches": 0, "covered_branches": 4, "missing_branches": 0, "percent_branches_covered": 100.0, "percent_branches_covered_display": "100.00"}, "missing_lines": [], "excluded_lines": [], "start_line": 1, "executed_branches": [[5, 6], [5, 7], [7, 8], [7, 10]], "missing_branches": []}}}, "grplot/utils/trim_to_3_nonzero_after_decimal.py": {"executed_lines": [1, 4, 13, 14, 15, 16, 17, 19, 21, 22, 23, 24, 25, 26, 27, 28, 30, 32, 33, 34, 37], "summary": {"covered_lines": 21, "num_statements": 23, "percent_covered": 88.57142857142857, "percent_covered_display": "88.57", "missing_lines": 2, "excluded_lines": 0, "percent_statements_covered": 91.30434782608695, "percent_statements_covered_display": "91.30", "num_branches": 12, "num_partial_branches": 2, "covered_branches": 10, "missing_branches": 2, "percent_branches_covered": 83.33333333333333, "percent_branches_covered_display": "83.33"}, "missing_lines": [18, 35], "excluded_lines": [], "executed_branches": [[17, 19], [23, 24], [23, 30], [24, 23], [24, 25], [26, 23], [26, 27], [30, 32], [30, 37], [33, 34]], "missing_branches": [[17, 18], [33, 35]], "functions": {"trim_to_3_nonzero_after_decimal": {"executed_lines": [13, 14, 15, 16, 17, 19, 21, 22, 23, 24, 25, 26, 27, 28, 30, 32, 33, 34, 37], "summary": {"covered_lines": 19, "num_statements": 21, "percent_covered": 87.87878787878788, "percent_covered_display": "87.88", "missing_lines": 2, "excluded_lines": 0, "percent_statements_covered": 90.47619047619048, "percent_statements_covered_display": "90.48", "num_branches": 12, "num_partial_branches": 2, "covered_branches": 10, "missing_branches": 2, "percent_branches_covered": 83.33333333333333, "percent_branches_covered_display": "83.33"}, "missing_lines": [18, 35], "excluded_lines": [], "start_line": 4, "executed_branches": [[17, 19], [23, 24], [23, 30], [24, 23], [24, 25], [26, 23], [26, 27], [30, 32], [30, 37], [33, 34]], "missing_branches": [[17, 18], [33, 35]]}, "": {"executed_lines": [1, 4], "summary": {"covered_lines": 2, "num_statements": 2, "percent_covered": 100.0, "percent_covered_display": "100.00", "missing_lines": 0, "excluded_lines": 0, "percent_statements_covered": 100.0, "percent_statements_covered_display": "100.00", "num_branches": 0, "num_partial_branches": 0, "covered_branches": 0, "missing_branches": 0, "percent_branches_covered": 100.0, "percent_branches_covered_display": "100.00"}, "missing_lines": [], "excluded_lines": [], "start_line": 1, "executed_branches": [], "missing_branches": []}}, "classes": {"": {"executed_lines": [1, 4, 13, 14, 15, 16, 17, 19, 21, 22, 23, 24, 25, 26, 27, 28, 30, 32, 33, 34, 37], "summary": {"covered_lines": 21, "num_statements": 23, "percent_covered": 88.57142857142857, "percent_covered_display": "88.57", "missing_lines": 2, "excluded_lines": 0, "percent_statements_covered": 91.30434782608695, "percent_statements_covered_display": "91.30", "num_branches": 12, "num_partial_branches": 2, "covered_branches": 10, "missing_branches": 2, "percent_branches_covered": 83.33333333333333, "percent_branches_covered_display": "83.33"}, "missing_lines": [18, 35], "excluded_lines": [], "start_line": 1, "executed_branches": [[17, 19], [23, 24], [23, 30], [24, 23], [24, 25], [26, 23], [26, 27], [30, 32], [30, 37], [33, 34]], "missing_branches": [[17, 18], [33, 35]]}}}}, "totals": {"covered_lines": 1831, "num_statements": 3549, "percent_covered": 49.46425434744423, "percent_covered_display": "49.46", "missing_lines": 1718, "excluded_lines": 0, "percent_statements_covered": 51.5919977458439, "percent_statements_covered_display": "51.59", "num_branches": 2144, "num_partial_branches": 399, "covered_branches": 985, "missing_branches": 1159, "percent_branches_covered": 45.94216417910448, "percent_branches_covered_display": "45.94"}}